                      :-) GROMACS - gmx mdrun, 2020.4 (-:

                            GROMACS is written by:
     Emile Apol      Rossen Apostolov      Paul Bauer     Herman J.C. Berendsen
    Par Bjelkmar      Christian Blau   Viacheslav Bolnykh     Kevin Boyd    
 Aldert van Buuren   Rudi van Drunen     Anton Feenstra       Alan Gray     
  Gerrit Groenhof     Anca Hamuraru    Vincent Hindriksen  M. Eric Irrgang  
  Aleksei Iupinov   Christoph Junghans     Joe Jordan     Dimitrios Karkoulis
    Peter Kasson        Jiri Kraus      Carsten Kutzner      Per Larsson    
  Justin A. Lemkul    Viveca Lindahl    Magnus Lundborg     Erik Marklund   
    Pascal Merz     Pieter Meulenhoff    Teemu Murtola       Szilard Pall   
    Sander Pronk      Roland Schulz      Michael Shirts    Alexey Shvetsov  
   Alfons Sijbers     Peter Tieleman      Jon Vincent      Teemu Virolainen 
 Christian Wennberg    Maarten Wolf      Artem Zhmurov   
                           and the project leaders:
        Mark Abraham, Berk Hess, Erik Lindahl, and David van der Spoel

Copyright (c) 1991-2000, University of Groningen, The Netherlands.
Copyright (c) 2001-2019, The GROMACS development team at
Uppsala University, Stockholm University and
the Royal Institute of Technology, Sweden.
check out http://www.gromacs.org for more information.

GROMACS is free software; you can redistribute it and/or modify it
under the terms of the GNU Lesser General Public License
as published by the Free Software Foundation; either version 2.1
of the License, or (at your option) any later version.

GROMACS:      gmx mdrun, version 2020.4
Executable:   /share/apps/gromacs/2020.4/openmpi/intel/bin/gmx_mpi
Data prefix:  /share/apps/gromacs/2020.4/openmpi/intel
Working dir:  /scratch/work/courses/CHEM-GA-2671-2023fa/students/tje3676/comp-lab-class/Week4/water-box_CHARMM/gromacs
Process ID:   1736512
Command line:
  gmx_mpi mdrun -v -deffnm step4.1_equilibration

GROMACS version:    2020.4
Verified release checksum is 79c2857291b034542c26e90512b92fd4b184a1c9d6fa59c55f2e24ccf14e7281
Precision:          single
Memory model:       64 bit
MPI library:        MPI
OpenMP support:     disabled
GPU support:        disabled
SIMD instructions:  AVX_512
FFT library:        Intel MKL
RDTSCP usage:       enabled
TNG support:        enabled
Hwloc support:      disabled
Tracing support:    disabled
C compiler:         /share/apps/openmpi/4.0.5/intel/bin/mpicc Intel 19.1.2.20200623
C compiler flags:   -xCORE-AVX512 -qopt-zmm-usage=high -mkl=sequential -wd3180 -std=gnu99 -ip -funroll-all-loops -alias-const -ansi-alias -no-prec-div -fimf-domain-exclusion=14 -qoverride-limits -O3 -DNDEBUG
C++ compiler:       /share/apps/openmpi/4.0.5/intel/bin/mpicxx Intel 19.1.2.20200623
C++ compiler flags: -xCORE-AVX512 -qopt-zmm-usage=high -mkl=sequential -wd3180 -ip -funroll-all-loops -alias-const -ansi-alias -no-prec-div -fimf-domain-exclusion=14 -qoverride-limits -O3 -DNDEBUG


Running on 1 node with total 48 cores, 48 logical cores
Hardware detected on host cs085.hpc.nyu.edu (the node of MPI rank 0):
  CPU info:
    Vendor: Intel
    Brand:  Intel(R) Xeon(R) Platinum 8268 CPU @ 2.90GHz
    Family: 6   Model: 85   Stepping: 7
    Features: aes apic avx avx2 avx512f avx512cd avx512bw avx512vl clfsh cmov cx8 cx16 f16c fma htt intel lahf mmx msr nonstop_tsc pcid pclmuldq pdcm pdpe1gb popcnt pse rdrnd rdtscp sse2 sse3 sse4.1 sse4.2 ssse3 tdt x2apic
    Number of AVX-512 FMA units: 2
  Hardware topology: Only logical processor count


++++ PLEASE READ AND CITE THE FOLLOWING REFERENCE ++++
M. J. Abraham, T. Murtola, R. Schulz, S. Páll, J. C. Smith, B. Hess, E.
Lindahl
GROMACS: High performance molecular simulations through multi-level
parallelism from laptops to supercomputers
SoftwareX 1 (2015) pp. 19-25
-------- -------- --- Thank You --- -------- --------


++++ PLEASE READ AND CITE THE FOLLOWING REFERENCE ++++
S. Páll, M. J. Abraham, C. Kutzner, B. Hess, E. Lindahl
Tackling Exascale Software Challenges in Molecular Dynamics Simulations with
GROMACS
In S. Markidis & E. Laure (Eds.), Solving Software Challenges for Exascale 8759 (2015) pp. 3-27
-------- -------- --- Thank You --- -------- --------


++++ PLEASE READ AND CITE THE FOLLOWING REFERENCE ++++
S. Pronk, S. Páll, R. Schulz, P. Larsson, P. Bjelkmar, R. Apostolov, M. R.
Shirts, J. C. Smith, P. M. Kasson, D. van der Spoel, B. Hess, and E. Lindahl
GROMACS 4.5: a high-throughput and highly parallel open source molecular
simulation toolkit
Bioinformatics 29 (2013) pp. 845-54
-------- -------- --- Thank You --- -------- --------


++++ PLEASE READ AND CITE THE FOLLOWING REFERENCE ++++
B. Hess and C. Kutzner and D. van der Spoel and E. Lindahl
GROMACS 4: Algorithms for highly efficient, load-balanced, and scalable
molecular simulation
J. Chem. Theory Comput. 4 (2008) pp. 435-447
-------- -------- --- Thank You --- -------- --------


++++ PLEASE READ AND CITE THE FOLLOWING REFERENCE ++++
D. van der Spoel, E. Lindahl, B. Hess, G. Groenhof, A. E. Mark and H. J. C.
Berendsen
GROMACS: Fast, Flexible and Free
J. Comp. Chem. 26 (2005) pp. 1701-1719
-------- -------- --- Thank You --- -------- --------


++++ PLEASE READ AND CITE THE FOLLOWING REFERENCE ++++
E. Lindahl and B. Hess and D. van der Spoel
GROMACS 3.0: A package for molecular simulation and trajectory analysis
J. Mol. Mod. 7 (2001) pp. 306-317
-------- -------- --- Thank You --- -------- --------


++++ PLEASE READ AND CITE THE FOLLOWING REFERENCE ++++
H. J. C. Berendsen, D. van der Spoel and R. van Drunen
GROMACS: A message-passing parallel molecular dynamics implementation
Comp. Phys. Comm. 91 (1995) pp. 43-56
-------- -------- --- Thank You --- -------- --------


++++ PLEASE CITE THE DOI FOR THIS VERSION OF GROMACS ++++
https://doi.org/10.5281/zenodo.4054979
-------- -------- --- Thank You --- -------- --------

Input Parameters:
   integrator                     = md
   tinit                          = 0
   dt                             = 0.001
   nsteps                         = 125000
   init-step                      = 0
   simulation-part                = 1
   comm-mode                      = Linear
   nstcomm                        = 100
   bd-fric                        = 0
   ld-seed                        = -741524890
   emtol                          = 10
   emstep                         = 0.01
   niter                          = 20
   fcstep                         = 0
   nstcgsteep                     = 1000
   nbfgscorr                      = 10
   rtpi                           = 0.05
   nstxout                        = 0
   nstvout                        = 5000
   nstfout                        = 5000
   nstlog                         = 1000
   nstcalcenergy                  = 100
   nstenergy                      = 1000
   nstxout-compressed             = 5000
   compressed-x-precision         = 1000
   cutoff-scheme                  = Verlet
   nstlist                        = 20
   pbc                            = xyz
   periodic-molecules             = false
   verlet-buffer-tolerance        = 0.005
   rlist                          = 1.2
   coulombtype                    = PME
   coulomb-modifier               = Potential-shift
   rcoulomb-switch                = 0
   rcoulomb                       = 1.2
   epsilon-r                      = 1
   epsilon-rf                     = inf
   vdw-type                       = Cut-off
   vdw-modifier                   = Force-switch
   rvdw-switch                    = 1
   rvdw                           = 1.2
   DispCorr                       = No
   table-extension                = 1
   fourierspacing                 = 0.12
   fourier-nx                     = 42
   fourier-ny                     = 42
   fourier-nz                     = 42
   pme-order                      = 4
   ewald-rtol                     = 1e-05
   ewald-rtol-lj                  = 0.001
   lj-pme-comb-rule               = Geometric
   ewald-geometry                 = 0
   epsilon-surface                = 0
   tcoupl                         = Nose-Hoover
   nsttcouple                     = 20
   nh-chain-length                = 1
   print-nose-hoover-chain-variables = false
   pcoupl                         = No
   pcoupltype                     = Isotropic
   nstpcouple                     = -1
   tau-p                          = 1
   compressibility (3x3):
      compressibility[    0]={ 0.00000e+00,  0.00000e+00,  0.00000e+00}
      compressibility[    1]={ 0.00000e+00,  0.00000e+00,  0.00000e+00}
      compressibility[    2]={ 0.00000e+00,  0.00000e+00,  0.00000e+00}
   ref-p (3x3):
      ref-p[    0]={ 0.00000e+00,  0.00000e+00,  0.00000e+00}
      ref-p[    1]={ 0.00000e+00,  0.00000e+00,  0.00000e+00}
      ref-p[    2]={ 0.00000e+00,  0.00000e+00,  0.00000e+00}
   refcoord-scaling               = No
   posres-com (3):
      posres-com[0]= 0.00000e+00
      posres-com[1]= 0.00000e+00
      posres-com[2]= 0.00000e+00
   posres-comB (3):
      posres-comB[0]= 0.00000e+00
      posres-comB[1]= 0.00000e+00
      posres-comB[2]= 0.00000e+00
   QMMM                           = false
   QMconstraints                  = 0
   QMMMscheme                     = 0
   MMChargeScaleFactor            = 1
qm-opts:
   ngQM                           = 0
   constraint-algorithm           = Lincs
   continuation                   = false
   Shake-SOR                      = false
   shake-tol                      = 0.0001
   lincs-order                    = 4
   lincs-iter                     = 1
   lincs-warnangle                = 30
   nwall                          = 0
   wall-type                      = 9-3
   wall-r-linpot                  = -1
   wall-atomtype[0]               = -1
   wall-atomtype[1]               = -1
   wall-density[0]                = 0
   wall-density[1]                = 0
   wall-ewald-zfac                = 3
   pull                           = false
   awh                            = false
   rotation                       = false
   interactiveMD                  = false
   disre                          = No
   disre-weighting                = Conservative
   disre-mixed                    = false
   dr-fc                          = 1000
   dr-tau                         = 0
   nstdisreout                    = 100
   orire-fc                       = 0
   orire-tau                      = 0
   nstorireout                    = 100
   free-energy                    = no
   cos-acceleration               = 0
   deform (3x3):
      deform[    0]={ 0.00000e+00,  0.00000e+00,  0.00000e+00}
      deform[    1]={ 0.00000e+00,  0.00000e+00,  0.00000e+00}
      deform[    2]={ 0.00000e+00,  0.00000e+00,  0.00000e+00}
   simulated-tempering            = false
   swapcoords                     = no
   userint1                       = 0
   userint2                       = 0
   userint3                       = 0
   userint4                       = 0
   userreal1                      = 0
   userreal2                      = 0
   userreal3                      = 0
   userreal4                      = 0
   applied-forces:
     electric-field:
       x:
         E0                       = 0
         omega                    = 0
         t0                       = 0
         sigma                    = 0
       y:
         E0                       = 0
         omega                    = 0
         t0                       = 0
         sigma                    = 0
       z:
         E0                       = 0
         omega                    = 0
         t0                       = 0
         sigma                    = 0
     density-guided-simulation:
       active                     = false
       group                      = protein
       similarity-measure         = inner-product
       atom-spreading-weight      = unity
       force-constant             = 1e+09
       gaussian-transform-spreading-width = 0.2
       gaussian-transform-spreading-range-in-multiples-of-width = 4
       reference-density-filename = reference.mrc
       nst                        = 1
       normalize-densities        = true
       adaptive-force-scaling     = false
       adaptive-force-scaling-time-constant = 4
grpopts:
   nrdf:       23271
   ref-t:         300
   tau-t:           1
annealing:          No
annealing-npoints:           0
   acc:	           0           0           0
   nfreeze:           N           N           N
   energygrp-flags[  0]: 0

Changing nstlist from 20 to 100, rlist from 1.2 to 1.297

Using 1 MPI process

Non-default thread affinity set, disabling internal thread affinity
System total charge: 0.000
Will do PME sum in reciprocal space for electrostatic interactions.

++++ PLEASE READ AND CITE THE FOLLOWING REFERENCE ++++
U. Essmann, L. Perera, M. L. Berkowitz, T. Darden, H. Lee and L. G. Pedersen 
A smooth particle mesh Ewald method
J. Chem. Phys. 103 (1995) pp. 8577-8592
-------- -------- --- Thank You --- -------- --------

Using a Gaussian width (1/beta) of 0.384195 nm for Ewald
Potential shift: LJ r^-12: -2.648e-01 r^-6: -5.349e-01, Ewald -8.333e-06
Initialized non-bonded Ewald tables, spacing: 1.02e-03 size: 1176


Using SIMD 4x8 nonbonded short-range kernels

Using a dual 4x8 pair-list setup updated with dynamic pruning:
  outer list: updated every 100 steps, buffer 0.097 nm, rlist 1.297 nm
  inner list: updated every  23 steps, buffer 0.001 nm, rlist 1.201 nm
At tolerance 0.005 kJ/mol/ps per atom, equivalent classical 1x1 list would be:
  outer list: updated every 100 steps, buffer 0.227 nm, rlist 1.427 nm
  inner list: updated every  23 steps, buffer 0.046 nm, rlist 1.246 nm

Removing pbc first time

++++ PLEASE READ AND CITE THE FOLLOWING REFERENCE ++++
S. Miyamoto and P. A. Kollman
SETTLE: An Analytical Version of the SHAKE and RATTLE Algorithms for Rigid
Water Models
J. Comp. Chem. 13 (1992) pp. 952-962
-------- -------- --- Thank You --- -------- --------

There are: 11630 Atoms

Constraining the starting coordinates (step 0)

Constraining the coordinates at t0-dt (step 0)
Center of mass motion removal mode is Linear
We have the following groups for center of mass motion removal:
  0:  SOLV
RMS relative constraint deviation after constraining: 0.00e+00
Initial temperature: 300.627 K

Started mdrun on rank 0 Tue Oct 10 13:59:02 2023

           Step           Time
              0        0.00000

   Energies (kJ/mol)
        LJ (SR)   Coulomb (SR)   Coul. recip.      Potential    Kinetic En.
    2.70611e+04   -2.14694e+05    6.66220e+02   -1.86966e+05    2.90830e+04
   Total Energy  Conserved En.    Temperature Pressure (bar)
   -1.57883e+05   -1.57883e+05    3.00622e+02   -1.00204e+03

           Step           Time
           1000        1.00000

   Energies (kJ/mol)
        LJ (SR)   Coulomb (SR)   Coul. recip.      Potential    Kinetic En.
    1.76709e+04   -1.86642e+05    5.00207e+02   -1.68471e+05    2.28510e+04
   Total Energy  Conserved En.    Temperature Pressure (bar)
   -1.45620e+05   -1.56239e+05    2.36203e+02   -2.27905e+03

           Step           Time
           2000        2.00000

   Energies (kJ/mol)
        LJ (SR)   Coulomb (SR)   Coul. recip.      Potential    Kinetic En.
    1.64853e+04   -1.79177e+05    5.50077e+02   -1.62142e+05    2.64994e+04
   Total Energy  Conserved En.    Temperature Pressure (bar)
   -1.35642e+05   -1.55779e+05    2.73916e+02   -1.70032e+03

           Step           Time
           3000        3.00000

   Energies (kJ/mol)
        LJ (SR)   Coulomb (SR)   Coul. recip.      Potential    Kinetic En.
    1.61727e+04   -1.76860e+05    6.01283e+02   -1.60086e+05    2.86501e+04
   Total Energy  Conserved En.    Temperature Pressure (bar)
   -1.31436e+05   -1.55532e+05    2.96147e+02   -1.41480e+03

           Step           Time
           4000        4.00000

   Energies (kJ/mol)
        LJ (SR)   Coulomb (SR)   Coul. recip.      Potential    Kinetic En.
    1.67389e+04   -1.77321e+05    5.46311e+02   -1.60036e+05    2.93032e+04
   Total Energy  Conserved En.    Temperature Pressure (bar)
   -1.30733e+05   -1.55350e+05    3.02897e+02   -1.10204e+03

           Step           Time
           5000        5.00000

   Energies (kJ/mol)
        LJ (SR)   Coulomb (SR)   Coul. recip.      Potential    Kinetic En.
    1.68882e+04   -1.77414e+05    5.90757e+02   -1.59935e+05    2.94159e+04
   Total Energy  Conserved En.    Temperature Pressure (bar)
   -1.30519e+05   -1.55235e+05    3.04063e+02   -9.85479e+02

           Step           Time
           6000        6.00000

   Energies (kJ/mol)
        LJ (SR)   Coulomb (SR)   Coul. recip.      Potential    Kinetic En.
    1.61224e+04   -1.77184e+05    6.21687e+02   -1.60439e+05    2.92217e+04
   Total Energy  Conserved En.    Temperature Pressure (bar)
   -1.31218e+05   -1.55175e+05    3.02055e+02   -1.54180e+03

           Step           Time
           7000        7.00000

   Energies (kJ/mol)
        LJ (SR)   Coulomb (SR)   Coul. recip.      Potential    Kinetic En.
    1.73843e+04   -1.78679e+05    5.57716e+02   -1.60737e+05    2.88617e+04
   Total Energy  Conserved En.    Temperature Pressure (bar)
   -1.31876e+05   -1.55157e+05    2.98334e+02   -9.17245e+02

           Step           Time
           8000        8.00000

   Energies (kJ/mol)
        LJ (SR)   Coulomb (SR)   Coul. recip.      Potential    Kinetic En.
    1.70001e+04   -1.79772e+05    5.87589e+02   -1.62184e+05    2.88462e+04
   Total Energy  Conserved En.    Temperature Pressure (bar)
   -1.33338e+05   -1.55198e+05    2.98174e+02   -1.28523e+03

           Step           Time
           9000        9.00000

   Energies (kJ/mol)
        LJ (SR)   Coulomb (SR)   Coul. recip.      Potential    Kinetic En.
    1.70418e+04   -1.78272e+05    5.76274e+02   -1.60654e+05    2.88202e+04
   Total Energy  Conserved En.    Temperature Pressure (bar)
   -1.31834e+05   -1.55219e+05    2.97905e+02   -1.09286e+03

           Step           Time
          10000       10.00000

   Energies (kJ/mol)
        LJ (SR)   Coulomb (SR)   Coul. recip.      Potential    Kinetic En.
    1.68092e+04   -1.78405e+05    5.79675e+02   -1.61016e+05    2.89840e+04
   Total Energy  Conserved En.    Temperature Pressure (bar)
   -1.32032e+05   -1.55172e+05    2.99598e+02   -1.32751e+03

           Step           Time
          11000       11.00000

   Energies (kJ/mol)
        LJ (SR)   Coulomb (SR)   Coul. recip.      Potential    Kinetic En.
    1.67506e+04   -1.78610e+05    5.66581e+02   -1.61292e+05    2.87222e+04
   Total Energy  Conserved En.    Temperature Pressure (bar)
   -1.32570e+05   -1.55162e+05    2.96892e+02   -1.36509e+03

           Step           Time
          12000       12.00000

   Energies (kJ/mol)
        LJ (SR)   Coulomb (SR)   Coul. recip.      Potential    Kinetic En.
    1.70696e+04   -1.79086e+05    5.60707e+02   -1.61456e+05    2.80956e+04
   Total Energy  Conserved En.    Temperature Pressure (bar)
   -1.33360e+05   -1.55199e+05    2.90415e+02   -1.21528e+03

           Step           Time
          13000       13.00000

   Energies (kJ/mol)
        LJ (SR)   Coulomb (SR)   Coul. recip.      Potential    Kinetic En.
    1.70826e+04   -1.79201e+05    5.62512e+02   -1.61556e+05    2.80348e+04
   Total Energy  Conserved En.    Temperature Pressure (bar)
   -1.33521e+05   -1.55225e+05    2.89786e+02   -1.25148e+03

           Step           Time
          14000       14.00000

   Energies (kJ/mol)
        LJ (SR)   Coulomb (SR)   Coul. recip.      Potential    Kinetic En.
    1.75570e+04   -1.79444e+05    5.39408e+02   -1.61348e+05    2.87600e+04
   Total Energy  Conserved En.    Temperature Pressure (bar)
   -1.32588e+05   -1.55210e+05    2.97283e+02   -9.53067e+02

           Step           Time
          15000       15.00000

   Energies (kJ/mol)
        LJ (SR)   Coulomb (SR)   Coul. recip.      Potential    Kinetic En.
    1.66679e+04   -1.77860e+05    5.98076e+02   -1.60594e+05    2.89437e+04
   Total Energy  Conserved En.    Temperature Pressure (bar)
   -1.31650e+05   -1.55181e+05    2.99182e+02   -1.29779e+03

           Step           Time
          16000       16.00000

   Energies (kJ/mol)
        LJ (SR)   Coulomb (SR)   Coul. recip.      Potential    Kinetic En.
    1.71707e+04   -1.79351e+05    5.73647e+02   -1.61607e+05    2.93816e+04
   Total Energy  Conserved En.    Temperature Pressure (bar)
   -1.32225e+05   -1.55146e+05    3.03708e+02   -1.20006e+03

           Step           Time
          17000       17.00000

   Energies (kJ/mol)
        LJ (SR)   Coulomb (SR)   Coul. recip.      Potential    Kinetic En.
    1.77339e+04   -1.79490e+05    5.50909e+02   -1.61206e+05    2.91264e+04
   Total Energy  Conserved En.    Temperature Pressure (bar)
   -1.32079e+05   -1.55177e+05    3.01070e+02   -8.45373e+02

           Step           Time
          18000       18.00000

   Energies (kJ/mol)
        LJ (SR)   Coulomb (SR)   Coul. recip.      Potential    Kinetic En.
    1.71677e+04   -1.78371e+05    6.17225e+02   -1.60586e+05    2.95563e+04
   Total Energy  Conserved En.    Temperature Pressure (bar)
   -1.31030e+05   -1.55176e+05    3.05514e+02   -9.64309e+02

           Step           Time
          19000       19.00000

   Energies (kJ/mol)
        LJ (SR)   Coulomb (SR)   Coul. recip.      Potential    Kinetic En.
    1.69302e+04   -1.78280e+05    5.36637e+02   -1.60813e+05    2.92092e+04
   Total Energy  Conserved En.    Temperature Pressure (bar)
   -1.31604e+05   -1.55166e+05    3.01926e+02   -1.16171e+03

           Step           Time
          20000       20.00000

   Energies (kJ/mol)
        LJ (SR)   Coulomb (SR)   Coul. recip.      Potential    Kinetic En.
    1.76054e+04   -1.79559e+05    6.09304e+02   -1.61344e+05    2.90979e+04
   Total Energy  Conserved En.    Temperature Pressure (bar)
   -1.32247e+05   -1.55153e+05    3.00776e+02   -8.86073e+02

           Step           Time
          21000       21.00000

   Energies (kJ/mol)
        LJ (SR)   Coulomb (SR)   Coul. recip.      Potential    Kinetic En.
    1.70261e+04   -1.78775e+05    5.66404e+02   -1.61182e+05    2.97687e+04
   Total Energy  Conserved En.    Temperature Pressure (bar)
   -1.31413e+05   -1.55186e+05    3.07710e+02   -1.16589e+03

           Step           Time
          22000       22.00000

   Energies (kJ/mol)
        LJ (SR)   Coulomb (SR)   Coul. recip.      Potential    Kinetic En.
    1.68289e+04   -1.77863e+05    5.49843e+02   -1.60484e+05    2.91883e+04
   Total Energy  Conserved En.    Temperature Pressure (bar)
   -1.31296e+05   -1.55158e+05    3.01710e+02   -1.08160e+03

           Step           Time
          23000       23.00000

   Energies (kJ/mol)
        LJ (SR)   Coulomb (SR)   Coul. recip.      Potential    Kinetic En.
    1.69803e+04   -1.78767e+05    5.65239e+02   -1.61221e+05    2.94972e+04
   Total Energy  Conserved En.    Temperature Pressure (bar)
   -1.31724e+05   -1.55155e+05    3.04903e+02   -1.16333e+03

           Step           Time
          24000       24.00000

   Energies (kJ/mol)
        LJ (SR)   Coulomb (SR)   Coul. recip.      Potential    Kinetic En.
    1.76351e+04   -1.79359e+05    5.77330e+02   -1.61146e+05    2.88577e+04
   Total Energy  Conserved En.    Temperature Pressure (bar)
   -1.32288e+05   -1.55172e+05    2.98292e+02   -8.29864e+02

           Step           Time
          25000       25.00000

   Energies (kJ/mol)
        LJ (SR)   Coulomb (SR)   Coul. recip.      Potential    Kinetic En.
    1.68386e+04   -1.78386e+05    5.59245e+02   -1.60988e+05    2.87191e+04
   Total Energy  Conserved En.    Temperature Pressure (bar)
   -1.32269e+05   -1.55214e+05    2.96860e+02   -1.22318e+03

           Step           Time
          26000       26.00000

   Energies (kJ/mol)
        LJ (SR)   Coulomb (SR)   Coul. recip.      Potential    Kinetic En.
    1.66232e+04   -1.77918e+05    6.21407e+02   -1.60673e+05    2.94763e+04
   Total Energy  Conserved En.    Temperature Pressure (bar)
   -1.31197e+05   -1.55155e+05    3.04687e+02   -1.25764e+03

           Step           Time
          27000       27.00000

   Energies (kJ/mol)
        LJ (SR)   Coulomb (SR)   Coul. recip.      Potential    Kinetic En.
    1.77847e+04   -1.78806e+05    5.61199e+02   -1.60461e+05    2.93369e+04
   Total Energy  Conserved En.    Temperature Pressure (bar)
   -1.31124e+05   -1.55149e+05    3.03246e+02   -6.47899e+02

           Step           Time
          28000       28.00000

   Energies (kJ/mol)
        LJ (SR)   Coulomb (SR)   Coul. recip.      Potential    Kinetic En.
    1.71960e+04   -1.78296e+05    5.84093e+02   -1.60516e+05    2.92220e+04
   Total Energy  Conserved En.    Temperature Pressure (bar)
   -1.31294e+05   -1.55113e+05    3.02058e+02   -9.76374e+02

           Step           Time
          29000       29.00000

   Energies (kJ/mol)
        LJ (SR)   Coulomb (SR)   Coul. recip.      Potential    Kinetic En.
    1.66681e+04   -1.77993e+05    5.51988e+02   -1.60773e+05    2.93067e+04
   Total Energy  Conserved En.    Temperature Pressure (bar)
   -1.31467e+05   -1.55090e+05    3.02933e+02   -1.31598e+03

           Step           Time
          30000       30.00000

   Energies (kJ/mol)
        LJ (SR)   Coulomb (SR)   Coul. recip.      Potential    Kinetic En.
    1.68707e+04   -1.78695e+05    5.94778e+02   -1.61230e+05    2.91975e+04
   Total Energy  Conserved En.    Temperature Pressure (bar)
   -1.32033e+05   -1.55104e+05    3.01805e+02   -1.25336e+03

           Step           Time
          31000       31.00000

   Energies (kJ/mol)
        LJ (SR)   Coulomb (SR)   Coul. recip.      Potential    Kinetic En.
    1.62335e+04   -1.77387e+05    5.60551e+02   -1.60593e+05    2.84803e+04
   Total Energy  Conserved En.    Temperature Pressure (bar)
   -1.32112e+05   -1.55128e+05    2.94391e+02   -1.50472e+03

           Step           Time
          32000       32.00000

   Energies (kJ/mol)
        LJ (SR)   Coulomb (SR)   Coul. recip.      Potential    Kinetic En.
    1.75376e+04   -1.79123e+05    5.84206e+02   -1.61001e+05    2.91650e+04
   Total Energy  Conserved En.    Temperature Pressure (bar)
   -1.31836e+05   -1.55087e+05    3.01469e+02   -8.37950e+02

           Step           Time
          33000       33.00000

   Energies (kJ/mol)
        LJ (SR)   Coulomb (SR)   Coul. recip.      Potential    Kinetic En.
    1.70641e+04   -1.78850e+05    5.55607e+02   -1.61230e+05    2.91351e+04
   Total Energy  Conserved En.    Temperature Pressure (bar)
   -1.32095e+05   -1.55102e+05    3.01160e+02   -1.08967e+03

           Step           Time
          34000       34.00000

   Energies (kJ/mol)
        LJ (SR)   Coulomb (SR)   Coul. recip.      Potential    Kinetic En.
    1.68062e+04   -1.79012e+05    5.38743e+02   -1.61667e+05    2.94587e+04
   Total Energy  Conserved En.    Temperature Pressure (bar)
   -1.32209e+05   -1.55078e+05    3.04505e+02   -1.34958e+03

           Step           Time
          35000       35.00000

   Energies (kJ/mol)
        LJ (SR)   Coulomb (SR)   Coul. recip.      Potential    Kinetic En.
    1.76454e+04   -1.79296e+05    5.34980e+02   -1.61116e+05    2.84386e+04
   Total Energy  Conserved En.    Temperature Pressure (bar)
   -1.32677e+05   -1.55114e+05    2.93961e+02   -8.99798e+02

           Step           Time
          36000       36.00000

   Energies (kJ/mol)
        LJ (SR)   Coulomb (SR)   Coul. recip.      Potential    Kinetic En.
    1.72716e+04   -1.78450e+05    5.78734e+02   -1.60599e+05    2.89857e+04
   Total Energy  Conserved En.    Temperature Pressure (bar)
   -1.31614e+05   -1.55142e+05    2.99616e+02   -9.40077e+02

           Step           Time
          37000       37.00000

   Energies (kJ/mol)
        LJ (SR)   Coulomb (SR)   Coul. recip.      Potential    Kinetic En.
    1.62345e+04   -1.77295e+05    5.72787e+02   -1.60488e+05    2.88362e+04
   Total Energy  Conserved En.    Temperature Pressure (bar)
   -1.31652e+05   -1.55124e+05    2.98071e+02   -1.42351e+03

           Step           Time
          38000       38.00000

   Energies (kJ/mol)
        LJ (SR)   Coulomb (SR)   Coul. recip.      Potential    Kinetic En.
    1.73542e+04   -1.79647e+05    5.55757e+02   -1.61737e+05    2.93435e+04
   Total Energy  Conserved En.    Temperature Pressure (bar)
   -1.32393e+05   -1.55081e+05    3.03314e+02   -1.09142e+03

           Step           Time
          39000       39.00000

   Energies (kJ/mol)
        LJ (SR)   Coulomb (SR)   Coul. recip.      Potential    Kinetic En.
    1.68720e+04   -1.78227e+05    5.80001e+02   -1.60775e+05    2.87034e+04
   Total Energy  Conserved En.    Temperature Pressure (bar)
   -1.32072e+05   -1.55090e+05    2.96698e+02   -1.19687e+03

           Step           Time
          40000       40.00000

   Energies (kJ/mol)
        LJ (SR)   Coulomb (SR)   Coul. recip.      Potential    Kinetic En.
    1.61549e+04   -1.77417e+05    5.49093e+02   -1.60713e+05    2.87052e+04
   Total Energy  Conserved En.    Temperature Pressure (bar)
   -1.32008e+05   -1.55080e+05    2.96717e+02   -1.52996e+03

           Step           Time
          41000       41.00000

   Energies (kJ/mol)
        LJ (SR)   Coulomb (SR)   Coul. recip.      Potential    Kinetic En.
    1.72683e+04   -1.79397e+05    5.74335e+02   -1.61555e+05    2.89360e+04
   Total Energy  Conserved En.    Temperature Pressure (bar)
   -1.32619e+05   -1.55089e+05    2.99102e+02   -1.19294e+03

           Step           Time
          42000       42.00000

   Energies (kJ/mol)
        LJ (SR)   Coulomb (SR)   Coul. recip.      Potential    Kinetic En.
    1.73170e+04   -1.79324e+05    5.78202e+02   -1.61429e+05    2.88730e+04
   Total Energy  Conserved En.    Temperature Pressure (bar)
   -1.32556e+05   -1.55095e+05    2.98451e+02   -1.07703e+03

           Step           Time
          43000       43.00000

   Energies (kJ/mol)
        LJ (SR)   Coulomb (SR)   Coul. recip.      Potential    Kinetic En.
    1.75600e+04   -1.79318e+05    5.86160e+02   -1.61172e+05    2.87193e+04
   Total Energy  Conserved En.    Temperature Pressure (bar)
   -1.32453e+05   -1.55112e+05    2.96862e+02   -8.94374e+02

           Step           Time
          44000       44.00000

   Energies (kJ/mol)
        LJ (SR)   Coulomb (SR)   Coul. recip.      Potential    Kinetic En.
    1.73245e+04   -1.79218e+05    5.60701e+02   -1.61332e+05    2.90624e+04
   Total Energy  Conserved En.    Temperature Pressure (bar)
   -1.32270e+05   -1.55133e+05    3.00408e+02   -1.05285e+03

Writing checkpoint, step 44700 at Tue Oct 10 14:14:03 2023


           Step           Time
          45000       45.00000

   Energies (kJ/mol)
        LJ (SR)   Coulomb (SR)   Coul. recip.      Potential    Kinetic En.
    1.71155e+04   -1.78130e+05    5.82700e+02   -1.60432e+05    2.88360e+04
   Total Energy  Conserved En.    Temperature Pressure (bar)
   -1.31596e+05   -1.55102e+05    2.98068e+02   -1.02890e+03

           Step           Time
          46000       46.00000

   Energies (kJ/mol)
        LJ (SR)   Coulomb (SR)   Coul. recip.      Potential    Kinetic En.
    1.71776e+04   -1.78166e+05    5.65864e+02   -1.60423e+05    2.89656e+04
   Total Energy  Conserved En.    Temperature Pressure (bar)
   -1.31457e+05   -1.55054e+05    2.99407e+02   -9.33225e+02

           Step           Time
          47000       47.00000

   Energies (kJ/mol)
        LJ (SR)   Coulomb (SR)   Coul. recip.      Potential    Kinetic En.
    1.76780e+04   -1.79581e+05    5.61919e+02   -1.61341e+05    2.93048e+04
   Total Energy  Conserved En.    Temperature Pressure (bar)
   -1.32036e+05   -1.55103e+05    3.02914e+02   -9.21744e+02

           Step           Time
          48000       48.00000

   Energies (kJ/mol)
        LJ (SR)   Coulomb (SR)   Coul. recip.      Potential    Kinetic En.
    1.73668e+04   -1.79036e+05    5.30647e+02   -1.61139e+05    2.89020e+04
   Total Energy  Conserved En.    Temperature Pressure (bar)
   -1.32237e+05   -1.55119e+05    2.98750e+02   -1.00980e+03

           Step           Time
          49000       49.00000

   Energies (kJ/mol)
        LJ (SR)   Coulomb (SR)   Coul. recip.      Potential    Kinetic En.
    1.67778e+04   -1.78194e+05    5.31573e+02   -1.60885e+05    2.89045e+04
   Total Energy  Conserved En.    Temperature Pressure (bar)
   -1.31980e+05   -1.55124e+05    2.98776e+02   -1.23712e+03

           Step           Time
          50000       50.00000

   Energies (kJ/mol)
        LJ (SR)   Coulomb (SR)   Coul. recip.      Potential    Kinetic En.
    1.66903e+04   -1.78191e+05    5.48395e+02   -1.60952e+05    2.94091e+04
   Total Energy  Conserved En.    Temperature Pressure (bar)
   -1.31543e+05   -1.55110e+05    3.03992e+02   -1.29128e+03

           Step           Time
          51000       51.00000

   Energies (kJ/mol)
        LJ (SR)   Coulomb (SR)   Coul. recip.      Potential    Kinetic En.
    1.70561e+04   -1.78303e+05    5.61439e+02   -1.60686e+05    2.89594e+04
   Total Energy  Conserved En.    Temperature Pressure (bar)
   -1.31726e+05   -1.55101e+05    2.99344e+02   -1.08148e+03

           Step           Time
          52000       52.00000

   Energies (kJ/mol)
        LJ (SR)   Coulomb (SR)   Coul. recip.      Potential    Kinetic En.
    1.72050e+04   -1.78832e+05    5.82995e+02   -1.61044e+05    2.92744e+04
   Total Energy  Conserved En.    Temperature Pressure (bar)
   -1.31770e+05   -1.55096e+05    3.02600e+02   -9.84733e+02

           Step           Time
          53000       53.00000

   Energies (kJ/mol)
        LJ (SR)   Coulomb (SR)   Coul. recip.      Potential    Kinetic En.
    1.69268e+04   -1.78042e+05    5.54418e+02   -1.60561e+05    2.87264e+04
   Total Energy  Conserved En.    Temperature Pressure (bar)
   -1.31834e+05   -1.55076e+05    2.96935e+02   -1.11342e+03

           Step           Time
          54000       54.00000

   Energies (kJ/mol)
        LJ (SR)   Coulomb (SR)   Coul. recip.      Potential    Kinetic En.
    1.75328e+04   -1.79765e+05    5.57255e+02   -1.61675e+05    2.89542e+04
   Total Energy  Conserved En.    Temperature Pressure (bar)
   -1.32721e+05   -1.55086e+05    2.99290e+02   -9.86779e+02

           Step           Time
          55000       55.00000

   Energies (kJ/mol)
        LJ (SR)   Coulomb (SR)   Coul. recip.      Potential    Kinetic En.
    1.76719e+04   -1.80021e+05    5.54864e+02   -1.61794e+05    2.88643e+04
   Total Energy  Conserved En.    Temperature Pressure (bar)
   -1.32930e+05   -1.55129e+05    2.98361e+02   -9.74542e+02

           Step           Time
          56000       56.00000

   Energies (kJ/mol)
        LJ (SR)   Coulomb (SR)   Coul. recip.      Potential    Kinetic En.
    1.71733e+04   -1.78234e+05    5.65218e+02   -1.60495e+05    2.87536e+04
   Total Energy  Conserved En.    Temperature Pressure (bar)
   -1.31741e+05   -1.55153e+05    2.97217e+02   -9.73429e+02

           Step           Time
          57000       57.00000

   Energies (kJ/mol)
        LJ (SR)   Coulomb (SR)   Coul. recip.      Potential    Kinetic En.
    1.73396e+04   -1.78347e+05    6.19590e+02   -1.60387e+05    2.90369e+04
   Total Energy  Conserved En.    Temperature Pressure (bar)
   -1.31350e+05   -1.55115e+05    3.00145e+02   -8.96753e+02

           Step           Time
          58000       58.00000

   Energies (kJ/mol)
        LJ (SR)   Coulomb (SR)   Coul. recip.      Potential    Kinetic En.
    1.68292e+04   -1.77759e+05    5.59524e+02   -1.60370e+05    2.95092e+04
   Total Energy  Conserved En.    Temperature Pressure (bar)
   -1.30861e+05   -1.55076e+05    3.05027e+02   -1.11987e+03

           Step           Time
          59000       59.00000

   Energies (kJ/mol)
        LJ (SR)   Coulomb (SR)   Coul. recip.      Potential    Kinetic En.
    1.70818e+04   -1.78689e+05    5.83475e+02   -1.61024e+05    2.90645e+04
   Total Energy  Conserved En.    Temperature Pressure (bar)
   -1.31959e+05   -1.55064e+05    3.00430e+02   -1.10982e+03

           Step           Time
          60000       60.00000

   Energies (kJ/mol)
        LJ (SR)   Coulomb (SR)   Coul. recip.      Potential    Kinetic En.
    1.67646e+04   -1.77753e+05    5.56317e+02   -1.60432e+05    2.91621e+04
   Total Energy  Conserved En.    Temperature Pressure (bar)
   -1.31270e+05   -1.55065e+05    3.01439e+02   -1.18810e+03

           Step           Time
          61000       61.00000

   Energies (kJ/mol)
        LJ (SR)   Coulomb (SR)   Coul. recip.      Potential    Kinetic En.
    1.77062e+04   -1.79653e+05    5.87469e+02   -1.61359e+05    2.87964e+04
   Total Energy  Conserved En.    Temperature Pressure (bar)
   -1.32562e+05   -1.55055e+05    2.97659e+02   -8.06928e+02

           Step           Time
          62000       62.00000

   Energies (kJ/mol)
        LJ (SR)   Coulomb (SR)   Coul. recip.      Potential    Kinetic En.
    1.67676e+04   -1.78328e+05    5.74092e+02   -1.60987e+05    2.89668e+04
   Total Energy  Conserved En.    Temperature Pressure (bar)
   -1.32020e+05   -1.55041e+05    2.99421e+02   -1.29006e+03

           Step           Time
          63000       63.00000

   Energies (kJ/mol)
        LJ (SR)   Coulomb (SR)   Coul. recip.      Potential    Kinetic En.
    1.66979e+04   -1.78544e+05    5.62607e+02   -1.61283e+05    2.89401e+04
   Total Energy  Conserved En.    Temperature Pressure (bar)
   -1.32343e+05   -1.55044e+05    2.99144e+02   -1.32141e+03

           Step           Time
          64000       64.00000

   Energies (kJ/mol)
        LJ (SR)   Coulomb (SR)   Coul. recip.      Potential    Kinetic En.
    1.67320e+04   -1.78852e+05    5.95617e+02   -1.61524e+05    2.86736e+04
   Total Energy  Conserved En.    Temperature Pressure (bar)
   -1.32850e+05   -1.55082e+05    2.96389e+02   -1.47805e+03

           Step           Time
          65000       65.00000

   Energies (kJ/mol)
        LJ (SR)   Coulomb (SR)   Coul. recip.      Potential    Kinetic En.
    1.68932e+04   -1.78337e+05    5.95597e+02   -1.60848e+05    2.90342e+04
   Total Energy  Conserved En.    Temperature Pressure (bar)
   -1.31814e+05   -1.55072e+05    3.00117e+02   -1.20702e+03

           Step           Time
          66000       66.00000

   Energies (kJ/mol)
        LJ (SR)   Coulomb (SR)   Coul. recip.      Potential    Kinetic En.
    1.75023e+04   -1.78871e+05    5.66036e+02   -1.60802e+05    2.91687e+04
   Total Energy  Conserved En.    Temperature Pressure (bar)
   -1.31634e+05   -1.55062e+05    3.01507e+02   -8.12272e+02

           Step           Time
          67000       67.00000

   Energies (kJ/mol)
        LJ (SR)   Coulomb (SR)   Coul. recip.      Potential    Kinetic En.
    1.66520e+04   -1.78004e+05    5.84756e+02   -1.60767e+05    2.90961e+04
   Total Energy  Conserved En.    Temperature Pressure (bar)
   -1.31671e+05   -1.55053e+05    3.00757e+02   -1.27370e+03

           Step           Time
          68000       68.00000

   Energies (kJ/mol)
        LJ (SR)   Coulomb (SR)   Coul. recip.      Potential    Kinetic En.
    1.81198e+04   -1.79870e+05    5.53637e+02   -1.61197e+05    2.86327e+04
   Total Energy  Conserved En.    Temperature Pressure (bar)
   -1.32564e+05   -1.55060e+05    2.95966e+02   -6.48777e+02

           Step           Time
          69000       69.00000

   Energies (kJ/mol)
        LJ (SR)   Coulomb (SR)   Coul. recip.      Potential    Kinetic En.
    1.68510e+04   -1.78025e+05    5.85495e+02   -1.60588e+05    2.84996e+04
   Total Energy  Conserved En.    Temperature Pressure (bar)
   -1.32089e+05   -1.55019e+05    2.94591e+02   -1.22049e+03

           Step           Time
          70000       70.00000

   Energies (kJ/mol)
        LJ (SR)   Coulomb (SR)   Coul. recip.      Potential    Kinetic En.
    1.73072e+04   -1.78982e+05    5.28902e+02   -1.61146e+05    2.86388e+04
   Total Energy  Conserved En.    Temperature Pressure (bar)
   -1.32507e+05   -1.55036e+05    2.96030e+02   -1.05705e+03

           Step           Time
          71000       71.00000

   Energies (kJ/mol)
        LJ (SR)   Coulomb (SR)   Coul. recip.      Potential    Kinetic En.
    1.67268e+04   -1.78904e+05    5.42001e+02   -1.61635e+05    2.91294e+04
   Total Energy  Conserved En.    Temperature Pressure (bar)
   -1.32505e+05   -1.55064e+05    3.01101e+02   -1.35988e+03

           Step           Time
          72000       72.00000

   Energies (kJ/mol)
        LJ (SR)   Coulomb (SR)   Coul. recip.      Potential    Kinetic En.
    1.72225e+04   -1.79241e+05    5.66357e+02   -1.61452e+05    2.90792e+04
   Total Energy  Conserved En.    Temperature Pressure (bar)
   -1.32373e+05   -1.55067e+05    3.00582e+02   -1.14071e+03

           Step           Time
          73000       73.00000

   Energies (kJ/mol)
        LJ (SR)   Coulomb (SR)   Coul. recip.      Potential    Kinetic En.
    1.76374e+04   -1.79474e+05    5.74835e+02   -1.61262e+05    2.88885e+04
   Total Energy  Conserved En.    Temperature Pressure (bar)
   -1.32374e+05   -1.55028e+05    2.98611e+02   -9.37247e+02

           Step           Time
          74000       74.00000

   Energies (kJ/mol)
        LJ (SR)   Coulomb (SR)   Coul. recip.      Potential    Kinetic En.
    1.66767e+04   -1.78621e+05    6.07092e+02   -1.61337e+05    2.90290e+04
   Total Energy  Conserved En.    Temperature Pressure (bar)
   -1.32308e+05   -1.55039e+05    3.00063e+02   -1.38323e+03

           Step           Time
          75000       75.00000

   Energies (kJ/mol)
        LJ (SR)   Coulomb (SR)   Coul. recip.      Potential    Kinetic En.
    1.73692e+04   -1.79322e+05    5.53968e+02   -1.61399e+05    2.89157e+04
   Total Energy  Conserved En.    Temperature Pressure (bar)
   -1.32483e+05   -1.55064e+05    2.98892e+02   -1.08467e+03

           Step           Time
          76000       76.00000

   Energies (kJ/mol)
        LJ (SR)   Coulomb (SR)   Coul. recip.      Potential    Kinetic En.
    1.73314e+04   -1.78843e+05    5.62912e+02   -1.60949e+05    2.94285e+04
   Total Energy  Conserved En.    Temperature Pressure (bar)
   -1.31520e+05   -1.55097e+05    3.04192e+02   -9.24030e+02

           Step           Time
          77000       77.00000

   Energies (kJ/mol)
        LJ (SR)   Coulomb (SR)   Coul. recip.      Potential    Kinetic En.
    1.64248e+04   -1.77034e+05    5.82190e+02   -1.60028e+05    2.89639e+04
   Total Energy  Conserved En.    Temperature Pressure (bar)
   -1.31064e+05   -1.55085e+05    2.99391e+02   -1.31307e+03

           Step           Time
          78000       78.00000

   Energies (kJ/mol)
        LJ (SR)   Coulomb (SR)   Coul. recip.      Potential    Kinetic En.
    1.70301e+04   -1.77553e+05    5.64063e+02   -1.59959e+05    2.92590e+04
   Total Energy  Conserved En.    Temperature Pressure (bar)
   -1.30700e+05   -1.55000e+05    3.02441e+02   -9.37100e+02

           Step           Time
          79000       79.00000

   Energies (kJ/mol)
        LJ (SR)   Coulomb (SR)   Coul. recip.      Potential    Kinetic En.
    1.70269e+04   -1.78426e+05    5.85676e+02   -1.60813e+05    2.94347e+04
   Total Energy  Conserved En.    Temperature Pressure (bar)
   -1.31379e+05   -1.54989e+05    3.04257e+02   -1.12815e+03

           Step           Time
          80000       80.00000

   Energies (kJ/mol)
        LJ (SR)   Coulomb (SR)   Coul. recip.      Potential    Kinetic En.
    1.76796e+04   -1.79597e+05    5.25004e+02   -1.61393e+05    2.84285e+04
   Total Energy  Conserved En.    Temperature Pressure (bar)
   -1.32964e+05   -1.54996e+05    2.93856e+02   -8.79608e+02

           Step           Time
          81000       81.00000

   Energies (kJ/mol)
        LJ (SR)   Coulomb (SR)   Coul. recip.      Potential    Kinetic En.
    1.69644e+04   -1.78746e+05    5.53871e+02   -1.61228e+05    2.81297e+04
   Total Energy  Conserved En.    Temperature Pressure (bar)
   -1.33098e+05   -1.55050e+05    2.90767e+02   -1.21687e+03

           Step           Time
          82000       82.00000

   Energies (kJ/mol)
        LJ (SR)   Coulomb (SR)   Coul. recip.      Potential    Kinetic En.
    1.70629e+04   -1.78836e+05    5.48485e+02   -1.61225e+05    2.84602e+04
   Total Energy  Conserved En.    Temperature Pressure (bar)
   -1.32765e+05   -1.55032e+05    2.94184e+02   -1.16100e+03

           Step           Time
          83000       83.00000

   Energies (kJ/mol)
        LJ (SR)   Coulomb (SR)   Coul. recip.      Potential    Kinetic En.
    1.69175e+04   -1.78090e+05    6.21540e+02   -1.60551e+05    2.90486e+04
   Total Energy  Conserved En.    Temperature Pressure (bar)
   -1.31502e+05   -1.55025e+05    3.00265e+02   -1.08757e+03

           Step           Time
          84000       84.00000

   Energies (kJ/mol)
        LJ (SR)   Coulomb (SR)   Coul. recip.      Potential    Kinetic En.
    1.68453e+04   -1.78118e+05    5.69979e+02   -1.60703e+05    2.93291e+04
   Total Energy  Conserved En.    Temperature Pressure (bar)
   -1.31374e+05   -1.55042e+05    3.03165e+02   -1.16286e+03

           Step           Time
          85000       85.00000

   Energies (kJ/mol)
        LJ (SR)   Coulomb (SR)   Coul. recip.      Potential    Kinetic En.
    1.73924e+04   -1.79013e+05    5.59541e+02   -1.61061e+05    2.94103e+04
   Total Energy  Conserved En.    Temperature Pressure (bar)
   -1.31651e+05   -1.55013e+05    3.04005e+02   -9.53147e+02

           Step           Time
          86000       86.00000

   Energies (kJ/mol)
        LJ (SR)   Coulomb (SR)   Coul. recip.      Potential    Kinetic En.
    1.70721e+04   -1.78635e+05    5.49991e+02   -1.61013e+05    2.93643e+04
   Total Energy  Conserved En.    Temperature Pressure (bar)
   -1.31648e+05   -1.55013e+05    3.03530e+02   -1.08935e+03

           Step           Time
          87000       87.00000

   Energies (kJ/mol)
        LJ (SR)   Coulomb (SR)   Coul. recip.      Potential    Kinetic En.
    1.72388e+04   -1.79063e+05    5.77898e+02   -1.61246e+05    2.92340e+04
   Total Energy  Conserved En.    Temperature Pressure (bar)
   -1.32012e+05   -1.55021e+05    3.02182e+02   -1.08422e+03

           Step           Time
          88000       88.00000

   Energies (kJ/mol)
        LJ (SR)   Coulomb (SR)   Coul. recip.      Potential    Kinetic En.
    1.67477e+04   -1.77988e+05    5.64973e+02   -1.60676e+05    2.88769e+04
   Total Energy  Conserved En.    Temperature Pressure (bar)
   -1.31799e+05   -1.55038e+05    2.98491e+02   -1.21466e+03

           Step           Time
          89000       89.00000

   Energies (kJ/mol)
        LJ (SR)   Coulomb (SR)   Coul. recip.      Potential    Kinetic En.
    1.68241e+04   -1.77839e+05    5.53963e+02   -1.60461e+05    2.90876e+04
   Total Energy  Conserved En.    Temperature Pressure (bar)
   -1.31374e+05   -1.54987e+05    3.00669e+02   -1.20357e+03

Writing checkpoint, step 89400 at Tue Oct 10 14:29:04 2023


           Step           Time
          90000       90.00000

   Energies (kJ/mol)
        LJ (SR)   Coulomb (SR)   Coul. recip.      Potential    Kinetic En.
    1.68383e+04   -1.78680e+05    5.68509e+02   -1.61273e+05    2.93815e+04
   Total Energy  Conserved En.    Temperature Pressure (bar)
   -1.31892e+05   -1.54935e+05    3.03707e+02   -1.20961e+03

           Step           Time
          91000       91.00000

   Energies (kJ/mol)
        LJ (SR)   Coulomb (SR)   Coul. recip.      Potential    Kinetic En.
    1.78115e+04   -1.79827e+05    5.52696e+02   -1.61462e+05    2.87115e+04
   Total Energy  Conserved En.    Temperature Pressure (bar)
   -1.32751e+05   -1.55019e+05    2.96782e+02   -8.39960e+02

           Step           Time
          92000       92.00000

   Energies (kJ/mol)
        LJ (SR)   Coulomb (SR)   Coul. recip.      Potential    Kinetic En.
    1.64529e+04   -1.77697e+05    5.81319e+02   -1.60663e+05    2.89171e+04
   Total Energy  Conserved En.    Temperature Pressure (bar)
   -1.31746e+05   -1.55050e+05    2.98907e+02   -1.33923e+03

           Step           Time
          93000       93.00000

   Energies (kJ/mol)
        LJ (SR)   Coulomb (SR)   Coul. recip.      Potential    Kinetic En.
    1.65774e+04   -1.78042e+05    5.99848e+02   -1.60865e+05    2.89881e+04
   Total Energy  Conserved En.    Temperature Pressure (bar)
   -1.31877e+05   -1.55011e+05    2.99641e+02   -1.37279e+03

           Step           Time
          94000       94.00000

   Energies (kJ/mol)
        LJ (SR)   Coulomb (SR)   Coul. recip.      Potential    Kinetic En.
    1.69894e+04   -1.78335e+05    5.94842e+02   -1.60751e+05    2.88527e+04
   Total Energy  Conserved En.    Temperature Pressure (bar)
   -1.31898e+05   -1.55021e+05    2.98241e+02   -1.16449e+03

           Step           Time
          95000       95.00000

   Energies (kJ/mol)
        LJ (SR)   Coulomb (SR)   Coul. recip.      Potential    Kinetic En.
    1.65703e+04   -1.78336e+05    5.66409e+02   -1.61200e+05    2.90705e+04
   Total Energy  Conserved En.    Temperature Pressure (bar)
   -1.32129e+05   -1.55007e+05    3.00492e+02   -1.45304e+03

           Step           Time
          96000       96.00000

   Energies (kJ/mol)
        LJ (SR)   Coulomb (SR)   Coul. recip.      Potential    Kinetic En.
    1.72516e+04   -1.79387e+05    5.67479e+02   -1.61568e+05    2.88309e+04
   Total Energy  Conserved En.    Temperature Pressure (bar)
   -1.32737e+05   -1.55000e+05    2.98015e+02   -1.13999e+03

           Step           Time
          97000       97.00000

   Energies (kJ/mol)
        LJ (SR)   Coulomb (SR)   Coul. recip.      Potential    Kinetic En.
    1.75868e+04   -1.79475e+05    5.56464e+02   -1.61332e+05    2.89031e+04
   Total Energy  Conserved En.    Temperature Pressure (bar)
   -1.32429e+05   -1.55010e+05    2.98762e+02   -9.78604e+02

           Step           Time
          98000       98.00000

   Energies (kJ/mol)
        LJ (SR)   Coulomb (SR)   Coul. recip.      Potential    Kinetic En.
    1.66433e+04   -1.78080e+05    5.62255e+02   -1.60875e+05    2.87471e+04
   Total Energy  Conserved En.    Temperature Pressure (bar)
   -1.32127e+05   -1.55031e+05    2.97150e+02   -1.28054e+03

           Step           Time
          99000       99.00000

   Energies (kJ/mol)
        LJ (SR)   Coulomb (SR)   Coul. recip.      Potential    Kinetic En.
    1.71657e+04   -1.78394e+05    5.47227e+02   -1.60681e+05    2.92721e+04
   Total Energy  Conserved En.    Temperature Pressure (bar)
   -1.31409e+05   -1.54970e+05    3.02576e+02   -1.02422e+03

           Step           Time
         100000      100.00000

   Energies (kJ/mol)
        LJ (SR)   Coulomb (SR)   Coul. recip.      Potential    Kinetic En.
    1.72400e+04   -1.78176e+05    5.79790e+02   -1.60356e+05    2.88439e+04
   Total Energy  Conserved En.    Temperature Pressure (bar)
   -1.31512e+05   -1.54983e+05    2.98150e+02   -9.15336e+02

           Step           Time
         101000      101.00000

   Energies (kJ/mol)
        LJ (SR)   Coulomb (SR)   Coul. recip.      Potential    Kinetic En.
    1.69395e+04   -1.78637e+05    5.31804e+02   -1.61166e+05    2.93490e+04
   Total Energy  Conserved En.    Temperature Pressure (bar)
   -1.31817e+05   -1.54945e+05    3.03371e+02   -1.18984e+03

           Step           Time
         102000      102.00000

   Energies (kJ/mol)
        LJ (SR)   Coulomb (SR)   Coul. recip.      Potential    Kinetic En.
    1.71609e+04   -1.78908e+05    5.70030e+02   -1.61177e+05    2.91690e+04
   Total Energy  Conserved En.    Temperature Pressure (bar)
   -1.32008e+05   -1.54962e+05    3.01510e+02   -1.07148e+03

           Step           Time
         103000      103.00000

   Energies (kJ/mol)
        LJ (SR)   Coulomb (SR)   Coul. recip.      Potential    Kinetic En.
    1.63499e+04   -1.77597e+05    5.62580e+02   -1.60685e+05    2.90047e+04
   Total Energy  Conserved En.    Temperature Pressure (bar)
   -1.31680e+05   -1.54973e+05    2.99812e+02   -1.42204e+03

           Step           Time
         104000      104.00000

   Energies (kJ/mol)
        LJ (SR)   Coulomb (SR)   Coul. recip.      Potential    Kinetic En.
    1.76259e+04   -1.79123e+05    5.95679e+02   -1.60902e+05    2.89051e+04
   Total Energy  Conserved En.    Temperature Pressure (bar)
   -1.31996e+05   -1.54990e+05    2.98783e+02   -8.58839e+02

           Step           Time
         105000      105.00000

   Energies (kJ/mol)
        LJ (SR)   Coulomb (SR)   Coul. recip.      Potential    Kinetic En.
    1.68369e+04   -1.77449e+05    5.83835e+02   -1.60028e+05    2.92821e+04
   Total Energy  Conserved En.    Temperature Pressure (bar)
   -1.30746e+05   -1.54965e+05    3.02680e+02   -1.06287e+03

           Step           Time
         106000      106.00000

   Energies (kJ/mol)
        LJ (SR)   Coulomb (SR)   Coul. recip.      Potential    Kinetic En.
    1.71369e+04   -1.78642e+05    5.74980e+02   -1.60930e+05    2.86705e+04
   Total Energy  Conserved En.    Temperature Pressure (bar)
   -1.32260e+05   -1.54967e+05    2.96358e+02   -1.09158e+03

           Step           Time
         107000      107.00000

   Energies (kJ/mol)
        LJ (SR)   Coulomb (SR)   Coul. recip.      Potential    Kinetic En.
    1.70596e+04   -1.78562e+05    5.76247e+02   -1.60926e+05    2.90741e+04
   Total Energy  Conserved En.    Temperature Pressure (bar)
   -1.31852e+05   -1.55005e+05    3.00530e+02   -1.10979e+03

           Step           Time
         108000      108.00000

   Energies (kJ/mol)
        LJ (SR)   Coulomb (SR)   Coul. recip.      Potential    Kinetic En.
    1.70858e+04   -1.78269e+05    5.59740e+02   -1.60624e+05    2.93553e+04
   Total Energy  Conserved En.    Temperature Pressure (bar)
   -1.31269e+05   -1.54985e+05    3.03436e+02   -9.92398e+02

           Step           Time
         109000      109.00000

   Energies (kJ/mol)
        LJ (SR)   Coulomb (SR)   Coul. recip.      Potential    Kinetic En.
    1.70153e+04   -1.78179e+05    5.94966e+02   -1.60569e+05    2.92628e+04
   Total Energy  Conserved En.    Temperature Pressure (bar)
   -1.31306e+05   -1.54953e+05    3.02480e+02   -1.05285e+03

           Step           Time
         110000      110.00000

   Energies (kJ/mol)
        LJ (SR)   Coulomb (SR)   Coul. recip.      Potential    Kinetic En.
    1.68364e+04   -1.78067e+05    5.72413e+02   -1.60658e+05    2.94896e+04
   Total Energy  Conserved En.    Temperature Pressure (bar)
   -1.31168e+05   -1.54932e+05    3.04824e+02   -1.18445e+03

           Step           Time
         111000      111.00000

   Energies (kJ/mol)
        LJ (SR)   Coulomb (SR)   Coul. recip.      Potential    Kinetic En.
    1.67345e+04   -1.77951e+05    5.59481e+02   -1.60657e+05    2.87617e+04
   Total Energy  Conserved En.    Temperature Pressure (bar)
   -1.31895e+05   -1.54908e+05    2.97301e+02   -1.23506e+03

           Step           Time
         112000      112.00000

   Energies (kJ/mol)
        LJ (SR)   Coulomb (SR)   Coul. recip.      Potential    Kinetic En.
    1.66949e+04   -1.78532e+05    6.17037e+02   -1.61220e+05    2.88701e+04
   Total Energy  Conserved En.    Temperature Pressure (bar)
   -1.32350e+05   -1.54864e+05    2.98421e+02   -1.36434e+03

           Step           Time
         113000      113.00000

   Energies (kJ/mol)
        LJ (SR)   Coulomb (SR)   Coul. recip.      Potential    Kinetic En.
    1.72021e+04   -1.78827e+05    5.89176e+02   -1.61035e+05    2.90791e+04
   Total Energy  Conserved En.    Temperature Pressure (bar)
   -1.31956e+05   -1.54887e+05    3.00581e+02   -1.05457e+03

           Step           Time
         114000      114.00000

   Energies (kJ/mol)
        LJ (SR)   Coulomb (SR)   Coul. recip.      Potential    Kinetic En.
    1.73450e+04   -1.79453e+05    5.53596e+02   -1.61554e+05    2.87323e+04
   Total Energy  Conserved En.    Temperature Pressure (bar)
   -1.32822e+05   -1.54928e+05    2.96996e+02   -1.09333e+03

           Step           Time
         115000      115.00000

   Energies (kJ/mol)
        LJ (SR)   Coulomb (SR)   Coul. recip.      Potential    Kinetic En.
    1.72250e+04   -1.79490e+05    5.46990e+02   -1.61718e+05    2.84035e+04
   Total Energy  Conserved En.    Temperature Pressure (bar)
   -1.33315e+05   -1.54993e+05    2.93597e+02   -1.20033e+03

           Step           Time
         116000      116.00000

   Energies (kJ/mol)
        LJ (SR)   Coulomb (SR)   Coul. recip.      Potential    Kinetic En.
    1.65157e+04   -1.77114e+05    5.76418e+02   -1.60022e+05    2.88208e+04
   Total Energy  Conserved En.    Temperature Pressure (bar)
   -1.31201e+05   -1.54983e+05    2.97911e+02   -1.19839e+03

           Step           Time
         117000      117.00000

   Energies (kJ/mol)
        LJ (SR)   Coulomb (SR)   Coul. recip.      Potential    Kinetic En.
    1.64024e+04   -1.77388e+05    5.99501e+02   -1.60386e+05    2.92097e+04
   Total Energy  Conserved En.    Temperature Pressure (bar)
   -1.31176e+05   -1.54881e+05    3.01931e+02   -1.32979e+03

           Step           Time
         118000      118.00000

   Energies (kJ/mol)
        LJ (SR)   Coulomb (SR)   Coul. recip.      Potential    Kinetic En.
    1.72891e+04   -1.78872e+05    5.55674e+02   -1.61027e+05    2.87419e+04
   Total Energy  Conserved En.    Temperature Pressure (bar)
   -1.32285e+05   -1.54891e+05    2.97095e+02   -1.05499e+03

           Step           Time
         119000      119.00000

   Energies (kJ/mol)
        LJ (SR)   Coulomb (SR)   Coul. recip.      Potential    Kinetic En.
    1.70659e+04   -1.78931e+05    5.90302e+02   -1.61275e+05    2.88524e+04
   Total Energy  Conserved En.    Temperature Pressure (bar)
   -1.32423e+05   -1.54955e+05    2.98238e+02   -1.14746e+03

           Step           Time
         120000      120.00000

   Energies (kJ/mol)
        LJ (SR)   Coulomb (SR)   Coul. recip.      Potential    Kinetic En.
    1.72093e+04   -1.79075e+05    5.88491e+02   -1.61277e+05    2.81559e+04
   Total Energy  Conserved En.    Temperature Pressure (bar)
   -1.33121e+05   -1.54915e+05    2.91039e+02   -1.15141e+03

           Step           Time
         121000      121.00000

   Energies (kJ/mol)
        LJ (SR)   Coulomb (SR)   Coul. recip.      Potential    Kinetic En.
    1.68773e+04   -1.78456e+05    5.86503e+02   -1.60992e+05    2.90396e+04
   Total Energy  Conserved En.    Temperature Pressure (bar)
   -1.31953e+05   -1.54907e+05    3.00173e+02   -1.16683e+03

           Step           Time
         122000      122.00000

   Energies (kJ/mol)
        LJ (SR)   Coulomb (SR)   Coul. recip.      Potential    Kinetic En.
    1.77483e+04   -1.79091e+05    5.77786e+02   -1.60765e+05    2.96444e+04
   Total Energy  Conserved En.    Temperature Pressure (bar)
   -1.31120e+05   -1.54975e+05    3.06425e+02   -7.51331e+02

           Step           Time
         123000      123.00000

   Energies (kJ/mol)
        LJ (SR)   Coulomb (SR)   Coul. recip.      Potential    Kinetic En.
    1.70670e+04   -1.78296e+05    5.58102e+02   -1.60671e+05    2.90535e+04
   Total Energy  Conserved En.    Temperature Pressure (bar)
   -1.31618e+05   -1.54912e+05    3.00316e+02   -1.04083e+03

           Step           Time
         124000      124.00000

   Energies (kJ/mol)
        LJ (SR)   Coulomb (SR)   Coul. recip.      Potential    Kinetic En.
    1.71058e+04   -1.78664e+05    5.36962e+02   -1.61022e+05    2.85476e+04
   Total Energy  Conserved En.    Temperature Pressure (bar)
   -1.32474e+05   -1.54901e+05    2.95087e+02   -1.14685e+03

           Step           Time
         125000      125.00000

Writing checkpoint, step 125000 at Tue Oct 10 14:41:03 2023


   Energies (kJ/mol)
        LJ (SR)   Coulomb (SR)   Coul. recip.      Potential    Kinetic En.
    1.68220e+04   -1.78037e+05    5.76032e+02   -1.60639e+05    2.88323e+04
   Total Energy  Conserved En.    Temperature Pressure (bar)
   -1.31806e+05   -1.54873e+05    2.98030e+02   -1.19347e+03


	<======  ###############  ==>
	<====  A V E R A G E S  ====>
	<==  ###############  ======>

	Statistics over 125001 steps using 1251 frames

   Energies (kJ/mol)
        LJ (SR)   Coulomb (SR)   Coul. recip.      Potential    Kinetic En.
    1.70427e+04   -1.78616e+05    5.69329e+02   -1.61004e+05    2.90292e+04
   Total Energy  Conserved En.    Temperature Pressure (bar)
   -1.31975e+05   -1.55080e+05    3.00065e+02   -1.13235e+03

   Total Virial (kJ/mol)
    1.39414e+04    1.38778e+01   -4.49879e+00
    1.38217e+01    1.39397e+04   -2.89341e+01
   -4.79658e+00   -2.95575e+01    1.39341e+04

   Pressure (bar)
   -1.13364e+03   -5.00588e+00    2.61006e+00
   -4.99098e+00   -1.13254e+03    8.14849e+00
    2.68918e+00    8.31411e+00   -1.13087e+03


	M E G A - F L O P S   A C C O U N T I N G

 NB=Group-cutoff nonbonded kernels    NxN=N-by-N cluster Verlet kernels
 RF=Reaction-Field  VdW=Van der Waals  QSTab=quadratic-spline table
 W3=SPC/TIP3p  W4=TIP4p (single or pairs)
 V&F=Potential and force  V=Potential only  F=Force only

 Computing:                               M-Number         M-Flops  % Flops
-----------------------------------------------------------------------------
 Pair Search distance check            7569.150796       68122.357     0.1
 NxN Ewald Elec. + LJ [F]           1163077.126992    90720015.905    93.8
 NxN Ewald Elec. + LJ [V&F]           11757.681840     1516740.957     1.6
 NxN Ewald Elec. [F]                  15216.025968      928177.584     1.0
 NxN Ewald Elec. [V&F]                  153.827408       12921.502     0.0
 Calc Weights                          4361.284890      157006.256     0.2
 Spread Q Bspline                     93040.744320      186081.489     0.2
 Gather F Bspline                     93040.744320      558244.466     0.6
 3D-FFT                              299631.897036     2397055.176     2.5
 Solve PME                              220.501764       14112.113     0.0
 Shift-X                                 14.549130          87.295     0.0
 Virial                                  14.605425         262.898     0.0
 Stop-CM                                 14.560760         145.608     0.0
 Calc-Ekin                              145.398260        3925.753     0.0
 Constraint-V                          1452.023232       11616.186     0.0
 Constraint-Vir                          14.531616         348.759     0.0
 Settle                                 484.011616      156335.752     0.2
-----------------------------------------------------------------------------
 Total                                                96731200.056   100.0
-----------------------------------------------------------------------------


     R E A L   C Y C L E   A N D   T I M E   A C C O U N T I N G

On 1 MPI rank

 Computing:          Num   Num      Call    Wall time         Giga-Cycles
                     Ranks Threads  Count      (s)         total sum    %
-----------------------------------------------------------------------------
 Neighbor search        1    1       1251      24.290         70.275   1.0
 Force                  1    1     125001    2148.428       6215.785  85.2
 PME mesh               1    1     125001     313.653        907.453  12.4
 NB X/F buffer ops.     1    1     248751       7.109         20.569   0.3
 Write traj.            1    1         28       0.435          1.260   0.0
 Update                 1    1     125001       5.213         15.083   0.2
 Constraints            1    1     125003      19.911         57.605   0.8
 Rest                                           1.194          3.454   0.0
-----------------------------------------------------------------------------
 Total                                       2520.233       7291.484 100.0
-----------------------------------------------------------------------------
 Breakdown of PME mesh computation
-----------------------------------------------------------------------------
 PME spread             1    1     125001      81.495        235.779   3.2
 PME gather             1    1     125001     117.459        339.830   4.7
 PME 3D-FFT             1    1     250002     105.423        305.006   4.2
 PME solve Elec         1    1     125001       9.078         26.265   0.4
-----------------------------------------------------------------------------

               Core t (s)   Wall t (s)        (%)
       Time:     2520.233     2520.233      100.0
                         42:00
                 (ns/day)    (hour/ns)
Performance:        4.285        5.600
Finished mdrun on rank 0 Tue Oct 10 14:41:03 2023

