                      :-) GROMACS - gmx mdrun, 2020.4 (-:

                            GROMACS is written by:
     Emile Apol      Rossen Apostolov      Paul Bauer     Herman J.C. Berendsen
    Par Bjelkmar      Christian Blau   Viacheslav Bolnykh     Kevin Boyd    
 Aldert van Buuren   Rudi van Drunen     Anton Feenstra       Alan Gray     
  Gerrit Groenhof     Anca Hamuraru    Vincent Hindriksen  M. Eric Irrgang  
  Aleksei Iupinov   Christoph Junghans     Joe Jordan     Dimitrios Karkoulis
    Peter Kasson        Jiri Kraus      Carsten Kutzner      Per Larsson    
  Justin A. Lemkul    Viveca Lindahl    Magnus Lundborg     Erik Marklund   
    Pascal Merz     Pieter Meulenhoff    Teemu Murtola       Szilard Pall   
    Sander Pronk      Roland Schulz      Michael Shirts    Alexey Shvetsov  
   Alfons Sijbers     Peter Tieleman      Jon Vincent      Teemu Virolainen 
 Christian Wennberg    Maarten Wolf      Artem Zhmurov   
                           and the project leaders:
        Mark Abraham, Berk Hess, Erik Lindahl, and David van der Spoel

Copyright (c) 1991-2000, University of Groningen, The Netherlands.
Copyright (c) 2001-2019, The GROMACS development team at
Uppsala University, Stockholm University and
the Royal Institute of Technology, Sweden.
check out http://www.gromacs.org for more information.

GROMACS is free software; you can redistribute it and/or modify it
under the terms of the GNU Lesser General Public License
as published by the Free Software Foundation; either version 2.1
of the License, or (at your option) any later version.

GROMACS:      gmx mdrun, version 2020.4
Executable:   /share/apps/gromacs/2020.4/openmpi/intel/bin/gmx_mpi
Data prefix:  /share/apps/gromacs/2020.4/openmpi/intel
Working dir:  /scratch/work/courses/CHEM-GA-2671-2023fa/students/tje3676/comp-lab-class/Week4/water-box/gromacs
Process ID:   3773342
Command line:
  gmx_mpi mdrun -v -deffnm step4.1_equilibration

GROMACS version:    2020.4
Verified release checksum is 79c2857291b034542c26e90512b92fd4b184a1c9d6fa59c55f2e24ccf14e7281
Precision:          single
Memory model:       64 bit
MPI library:        MPI
OpenMP support:     disabled
GPU support:        disabled
SIMD instructions:  AVX_512
FFT library:        Intel MKL
RDTSCP usage:       enabled
TNG support:        enabled
Hwloc support:      disabled
Tracing support:    disabled
C compiler:         /share/apps/openmpi/4.0.5/intel/bin/mpicc Intel 19.1.2.20200623
C compiler flags:   -xCORE-AVX512 -qopt-zmm-usage=high -mkl=sequential -wd3180 -std=gnu99 -ip -funroll-all-loops -alias-const -ansi-alias -no-prec-div -fimf-domain-exclusion=14 -qoverride-limits -O3 -DNDEBUG
C++ compiler:       /share/apps/openmpi/4.0.5/intel/bin/mpicxx Intel 19.1.2.20200623
C++ compiler flags: -xCORE-AVX512 -qopt-zmm-usage=high -mkl=sequential -wd3180 -ip -funroll-all-loops -alias-const -ansi-alias -no-prec-div -fimf-domain-exclusion=14 -qoverride-limits -O3 -DNDEBUG


Running on 1 node with total 48 cores, 48 logical cores
Hardware detected on host gr068.hpc.nyu.edu (the node of MPI rank 0):
  CPU info:
    Vendor: Intel
    Brand:  Intel(R) Xeon(R) Platinum 8268 CPU @ 2.90GHz
    Family: 6   Model: 85   Stepping: 7
    Features: aes apic avx avx2 avx512f avx512cd avx512bw avx512vl clfsh cmov cx8 cx16 f16c fma htt intel lahf mmx msr nonstop_tsc pcid pclmuldq pdcm pdpe1gb popcnt pse rdrnd rdtscp sse2 sse3 sse4.1 sse4.2 ssse3 tdt x2apic
    Number of AVX-512 FMA units: 2
  Hardware topology: Only logical processor count


++++ PLEASE READ AND CITE THE FOLLOWING REFERENCE ++++
M. J. Abraham, T. Murtola, R. Schulz, S. Páll, J. C. Smith, B. Hess, E.
Lindahl
GROMACS: High performance molecular simulations through multi-level
parallelism from laptops to supercomputers
SoftwareX 1 (2015) pp. 19-25
-------- -------- --- Thank You --- -------- --------


++++ PLEASE READ AND CITE THE FOLLOWING REFERENCE ++++
S. Páll, M. J. Abraham, C. Kutzner, B. Hess, E. Lindahl
Tackling Exascale Software Challenges in Molecular Dynamics Simulations with
GROMACS
In S. Markidis & E. Laure (Eds.), Solving Software Challenges for Exascale 8759 (2015) pp. 3-27
-------- -------- --- Thank You --- -------- --------


++++ PLEASE READ AND CITE THE FOLLOWING REFERENCE ++++
S. Pronk, S. Páll, R. Schulz, P. Larsson, P. Bjelkmar, R. Apostolov, M. R.
Shirts, J. C. Smith, P. M. Kasson, D. van der Spoel, B. Hess, and E. Lindahl
GROMACS 4.5: a high-throughput and highly parallel open source molecular
simulation toolkit
Bioinformatics 29 (2013) pp. 845-54
-------- -------- --- Thank You --- -------- --------


++++ PLEASE READ AND CITE THE FOLLOWING REFERENCE ++++
B. Hess and C. Kutzner and D. van der Spoel and E. Lindahl
GROMACS 4: Algorithms for highly efficient, load-balanced, and scalable
molecular simulation
J. Chem. Theory Comput. 4 (2008) pp. 435-447
-------- -------- --- Thank You --- -------- --------


++++ PLEASE READ AND CITE THE FOLLOWING REFERENCE ++++
D. van der Spoel, E. Lindahl, B. Hess, G. Groenhof, A. E. Mark and H. J. C.
Berendsen
GROMACS: Fast, Flexible and Free
J. Comp. Chem. 26 (2005) pp. 1701-1719
-------- -------- --- Thank You --- -------- --------


++++ PLEASE READ AND CITE THE FOLLOWING REFERENCE ++++
E. Lindahl and B. Hess and D. van der Spoel
GROMACS 3.0: A package for molecular simulation and trajectory analysis
J. Mol. Mod. 7 (2001) pp. 306-317
-------- -------- --- Thank You --- -------- --------


++++ PLEASE READ AND CITE THE FOLLOWING REFERENCE ++++
H. J. C. Berendsen, D. van der Spoel and R. van Drunen
GROMACS: A message-passing parallel molecular dynamics implementation
Comp. Phys. Comm. 91 (1995) pp. 43-56
-------- -------- --- Thank You --- -------- --------


++++ PLEASE CITE THE DOI FOR THIS VERSION OF GROMACS ++++
https://doi.org/10.5281/zenodo.4054979
-------- -------- --- Thank You --- -------- --------

Input Parameters:
   integrator                     = md
   tinit                          = 0
   dt                             = 0.001
   nsteps                         = 125000
   init-step                      = 0
   simulation-part                = 1
   comm-mode                      = Linear
   nstcomm                        = 100
   bd-fric                        = 0
   ld-seed                        = 726709459
   emtol                          = 10
   emstep                         = 0.01
   niter                          = 20
   fcstep                         = 0
   nstcgsteep                     = 1000
   nbfgscorr                      = 10
   rtpi                           = 0.05
   nstxout                        = 0
   nstvout                        = 5000
   nstfout                        = 5000
   nstlog                         = 1000
   nstcalcenergy                  = 100
   nstenergy                      = 1000
   nstxout-compressed             = 5000
   compressed-x-precision         = 1000
   cutoff-scheme                  = Verlet
   nstlist                        = 20
   pbc                            = xyz
   periodic-molecules             = false
   verlet-buffer-tolerance        = 0.005
   rlist                          = 1.2
   coulombtype                    = PME
   coulomb-modifier               = Potential-shift
   rcoulomb-switch                = 0
   rcoulomb                       = 1.2
   epsilon-r                      = 1
   epsilon-rf                     = inf
   vdw-type                       = Cut-off
   vdw-modifier                   = Force-switch
   rvdw-switch                    = 1
   rvdw                           = 1.2
   DispCorr                       = No
   table-extension                = 1
   fourierspacing                 = 0.12
   fourier-nx                     = 42
   fourier-ny                     = 42
   fourier-nz                     = 42
   pme-order                      = 4
   ewald-rtol                     = 1e-05
   ewald-rtol-lj                  = 0.001
   lj-pme-comb-rule               = Geometric
   ewald-geometry                 = 0
   epsilon-surface                = 0
   tcoupl                         = Nose-Hoover
   nsttcouple                     = 20
   nh-chain-length                = 1
   print-nose-hoover-chain-variables = false
   pcoupl                         = No
   pcoupltype                     = Isotropic
   nstpcouple                     = -1
   tau-p                          = 1
   compressibility (3x3):
      compressibility[    0]={ 0.00000e+00,  0.00000e+00,  0.00000e+00}
      compressibility[    1]={ 0.00000e+00,  0.00000e+00,  0.00000e+00}
      compressibility[    2]={ 0.00000e+00,  0.00000e+00,  0.00000e+00}
   ref-p (3x3):
      ref-p[    0]={ 0.00000e+00,  0.00000e+00,  0.00000e+00}
      ref-p[    1]={ 0.00000e+00,  0.00000e+00,  0.00000e+00}
      ref-p[    2]={ 0.00000e+00,  0.00000e+00,  0.00000e+00}
   refcoord-scaling               = No
   posres-com (3):
      posres-com[0]= 0.00000e+00
      posres-com[1]= 0.00000e+00
      posres-com[2]= 0.00000e+00
   posres-comB (3):
      posres-comB[0]= 0.00000e+00
      posres-comB[1]= 0.00000e+00
      posres-comB[2]= 0.00000e+00
   QMMM                           = false
   QMconstraints                  = 0
   QMMMscheme                     = 0
   MMChargeScaleFactor            = 1
qm-opts:
   ngQM                           = 0
   constraint-algorithm           = Lincs
   continuation                   = false
   Shake-SOR                      = false
   shake-tol                      = 0.0001
   lincs-order                    = 4
   lincs-iter                     = 1
   lincs-warnangle                = 30
   nwall                          = 0
   wall-type                      = 9-3
   wall-r-linpot                  = -1
   wall-atomtype[0]               = -1
   wall-atomtype[1]               = -1
   wall-density[0]                = 0
   wall-density[1]                = 0
   wall-ewald-zfac                = 3
   pull                           = false
   awh                            = false
   rotation                       = false
   interactiveMD                  = false
   disre                          = No
   disre-weighting                = Conservative
   disre-mixed                    = false
   dr-fc                          = 1000
   dr-tau                         = 0
   nstdisreout                    = 100
   orire-fc                       = 0
   orire-tau                      = 0
   nstorireout                    = 100
   free-energy                    = no
   cos-acceleration               = 0
   deform (3x3):
      deform[    0]={ 0.00000e+00,  0.00000e+00,  0.00000e+00}
      deform[    1]={ 0.00000e+00,  0.00000e+00,  0.00000e+00}
      deform[    2]={ 0.00000e+00,  0.00000e+00,  0.00000e+00}
   simulated-tempering            = false
   swapcoords                     = no
   userint1                       = 0
   userint2                       = 0
   userint3                       = 0
   userint4                       = 0
   userreal1                      = 0
   userreal2                      = 0
   userreal3                      = 0
   userreal4                      = 0
   applied-forces:
     electric-field:
       x:
         E0                       = 0
         omega                    = 0
         t0                       = 0
         sigma                    = 0
       y:
         E0                       = 0
         omega                    = 0
         t0                       = 0
         sigma                    = 0
       z:
         E0                       = 0
         omega                    = 0
         t0                       = 0
         sigma                    = 0
     density-guided-simulation:
       active                     = false
       group                      = protein
       similarity-measure         = inner-product
       atom-spreading-weight      = unity
       force-constant             = 1e+09
       gaussian-transform-spreading-width = 0.2
       gaussian-transform-spreading-range-in-multiples-of-width = 4
       reference-density-filename = reference.mrc
       nst                        = 1
       normalize-densities        = true
       adaptive-force-scaling     = false
       adaptive-force-scaling-time-constant = 4
grpopts:
   nrdf:       23271
   ref-t:         300
   tau-t:           1
annealing:          No
annealing-npoints:           0
   acc:	           0           0           0
   nfreeze:           N           N           N
   energygrp-flags[  0]: 0

Changing nstlist from 20 to 100, rlist from 1.2 to 1.297

Using 1 MPI process

Non-default thread affinity set, disabling internal thread affinity
System total charge: 0.000
Will do PME sum in reciprocal space for electrostatic interactions.

++++ PLEASE READ AND CITE THE FOLLOWING REFERENCE ++++
U. Essmann, L. Perera, M. L. Berkowitz, T. Darden, H. Lee and L. G. Pedersen 
A smooth particle mesh Ewald method
J. Chem. Phys. 103 (1995) pp. 8577-8592
-------- -------- --- Thank You --- -------- --------

Using a Gaussian width (1/beta) of 0.384195 nm for Ewald
Potential shift: LJ r^-12: -2.648e-01 r^-6: -5.349e-01, Ewald -8.333e-06
Initialized non-bonded Ewald tables, spacing: 1.02e-03 size: 1176


Using SIMD 4x8 nonbonded short-range kernels

Using a dual 4x8 pair-list setup updated with dynamic pruning:
  outer list: updated every 100 steps, buffer 0.097 nm, rlist 1.297 nm
  inner list: updated every  23 steps, buffer 0.001 nm, rlist 1.201 nm
At tolerance 0.005 kJ/mol/ps per atom, equivalent classical 1x1 list would be:
  outer list: updated every 100 steps, buffer 0.227 nm, rlist 1.427 nm
  inner list: updated every  23 steps, buffer 0.046 nm, rlist 1.246 nm

Removing pbc first time

++++ PLEASE READ AND CITE THE FOLLOWING REFERENCE ++++
S. Miyamoto and P. A. Kollman
SETTLE: An Analytical Version of the SHAKE and RATTLE Algorithms for Rigid
Water Models
J. Comp. Chem. 13 (1992) pp. 952-962
-------- -------- --- Thank You --- -------- --------

There are: 11630 Atoms

Constraining the starting coordinates (step 0)

Constraining the coordinates at t0-dt (step 0)
Center of mass motion removal mode is Linear
We have the following groups for center of mass motion removal:
  0:  SOLV
RMS relative constraint deviation after constraining: 0.00e+00
Initial temperature: 299.618 K

Started mdrun on rank 0 Thu Oct  5 15:52:53 2023

           Step           Time
              0        0.00000

   Energies (kJ/mol)
        LJ (SR)   Coulomb (SR)   Coul. recip.      Potential    Kinetic En.
    2.71062e+04   -2.14575e+05    5.92779e+02   -1.86876e+05    2.89915e+04
   Total Energy  Conserved En.    Temperature Pressure (bar)
   -1.57885e+05   -1.57885e+05    2.99676e+02   -9.50095e+02

           Step           Time
           1000        1.00000

   Energies (kJ/mol)
        LJ (SR)   Coulomb (SR)   Coul. recip.      Potential    Kinetic En.
    1.81316e+04   -1.87227e+05    4.79269e+02   -1.68616e+05    2.26516e+04
   Total Energy  Conserved En.    Temperature Pressure (bar)
   -1.45965e+05   -1.56212e+05    2.34142e+02   -2.09347e+03

           Step           Time
           2000        2.00000

   Energies (kJ/mol)
        LJ (SR)   Coulomb (SR)   Coul. recip.      Potential    Kinetic En.
    1.61509e+04   -1.78607e+05    5.35120e+02   -1.61921e+05    2.65843e+04
   Total Energy  Conserved En.    Temperature Pressure (bar)
   -1.35337e+05   -1.55771e+05    2.74793e+02   -1.81204e+03

           Step           Time
           3000        3.00000

   Energies (kJ/mol)
        LJ (SR)   Coulomb (SR)   Coul. recip.      Potential    Kinetic En.
    1.69101e+04   -1.76333e+05    5.76182e+02   -1.58846e+05    2.88172e+04
   Total Energy  Conserved En.    Temperature Pressure (bar)
   -1.30029e+05   -1.55427e+05    2.97874e+02   -8.77910e+02

           Step           Time
           4000        4.00000

   Energies (kJ/mol)
        LJ (SR)   Coulomb (SR)   Coul. recip.      Potential    Kinetic En.
    1.65705e+04   -1.76493e+05    5.74019e+02   -1.59349e+05    2.98332e+04
   Total Energy  Conserved En.    Temperature Pressure (bar)
   -1.29515e+05   -1.55212e+05    3.08376e+02   -1.01263e+03

           Step           Time
           5000        5.00000

   Energies (kJ/mol)
        LJ (SR)   Coulomb (SR)   Coul. recip.      Potential    Kinetic En.
    1.74418e+04   -1.77936e+05    6.06911e+02   -1.59887e+05    3.00495e+04
   Total Energy  Conserved En.    Temperature Pressure (bar)
   -1.29838e+05   -1.55071e+05    3.10612e+02   -7.33094e+02

           Step           Time
           6000        6.00000

   Energies (kJ/mol)
        LJ (SR)   Coulomb (SR)   Coul. recip.      Potential    Kinetic En.
    1.65658e+04   -1.77980e+05    6.09599e+02   -1.60804e+05    2.95323e+04
   Total Energy  Conserved En.    Temperature Pressure (bar)
   -1.31272e+05   -1.55036e+05    3.05266e+02   -1.29973e+03

           Step           Time
           7000        7.00000

   Energies (kJ/mol)
        LJ (SR)   Coulomb (SR)   Coul. recip.      Potential    Kinetic En.
    1.71439e+04   -1.78747e+05    5.45852e+02   -1.61057e+05    2.90289e+04
   Total Energy  Conserved En.    Temperature Pressure (bar)
   -1.32028e+05   -1.55061e+05    3.00062e+02   -1.02825e+03

           Step           Time
           8000        8.00000

   Energies (kJ/mol)
        LJ (SR)   Coulomb (SR)   Coul. recip.      Potential    Kinetic En.
    1.69705e+04   -1.78113e+05    5.28675e+02   -1.60613e+05    2.88959e+04
   Total Energy  Conserved En.    Temperature Pressure (bar)
   -1.31717e+05   -1.55030e+05    2.98688e+02   -1.09591e+03

           Step           Time
           9000        9.00000

   Energies (kJ/mol)
        LJ (SR)   Coulomb (SR)   Coul. recip.      Potential    Kinetic En.
    1.69679e+04   -1.78663e+05    5.86827e+02   -1.61108e+05    2.92853e+04
   Total Energy  Conserved En.    Temperature Pressure (bar)
   -1.31823e+05   -1.55014e+05    3.02712e+02   -1.20212e+03

           Step           Time
          10000       10.00000

   Energies (kJ/mol)
        LJ (SR)   Coulomb (SR)   Coul. recip.      Potential    Kinetic En.
    1.73969e+04   -1.79695e+05    5.59007e+02   -1.61739e+05    2.92346e+04
   Total Energy  Conserved En.    Temperature Pressure (bar)
   -1.32504e+05   -1.55041e+05    3.02189e+02   -1.05443e+03

           Step           Time
          11000       11.00000

   Energies (kJ/mol)
        LJ (SR)   Coulomb (SR)   Coul. recip.      Potential    Kinetic En.
    1.71584e+04   -1.78677e+05    5.61916e+02   -1.60956e+05    2.92835e+04
   Total Energy  Conserved En.    Temperature Pressure (bar)
   -1.31673e+05   -1.55063e+05    3.02694e+02   -1.06158e+03

           Step           Time
          12000       12.00000

   Energies (kJ/mol)
        LJ (SR)   Coulomb (SR)   Coul. recip.      Potential    Kinetic En.
    1.68267e+04   -1.79268e+05    5.50684e+02   -1.61890e+05    2.95093e+04
   Total Energy  Conserved En.    Temperature Pressure (bar)
   -1.32381e+05   -1.55066e+05    3.05028e+02   -1.31739e+03

           Step           Time
          13000       13.00000

   Energies (kJ/mol)
        LJ (SR)   Coulomb (SR)   Coul. recip.      Potential    Kinetic En.
    1.69984e+04   -1.78136e+05    5.70261e+02   -1.60567e+05    2.91639e+04
   Total Energy  Conserved En.    Temperature Pressure (bar)
   -1.31403e+05   -1.55073e+05    3.01458e+02   -1.13774e+03

           Step           Time
          14000       14.00000

   Energies (kJ/mol)
        LJ (SR)   Coulomb (SR)   Coul. recip.      Potential    Kinetic En.
    1.60243e+04   -1.77074e+05    5.88550e+02   -1.60461e+05    2.96813e+04
   Total Energy  Conserved En.    Temperature Pressure (bar)
   -1.30780e+05   -1.55019e+05    3.06806e+02   -1.54321e+03

           Step           Time
          15000       15.00000

   Energies (kJ/mol)
        LJ (SR)   Coulomb (SR)   Coul. recip.      Potential    Kinetic En.
    1.71345e+04   -1.78512e+05    5.71180e+02   -1.60806e+05    2.97460e+04
   Total Energy  Conserved En.    Temperature Pressure (bar)
   -1.31060e+05   -1.55016e+05    3.07475e+02   -1.04598e+03

           Step           Time
          16000       16.00000

   Energies (kJ/mol)
        LJ (SR)   Coulomb (SR)   Coul. recip.      Potential    Kinetic En.
    1.69144e+04   -1.78861e+05    5.68261e+02   -1.61378e+05    2.91209e+04
   Total Energy  Conserved En.    Temperature Pressure (bar)
   -1.32258e+05   -1.55041e+05    3.01013e+02   -1.22511e+03

           Step           Time
          17000       17.00000

   Energies (kJ/mol)
        LJ (SR)   Coulomb (SR)   Coul. recip.      Potential    Kinetic En.
    1.70376e+04   -1.78570e+05    5.68950e+02   -1.60964e+05    2.92457e+04
   Total Energy  Conserved En.    Temperature Pressure (bar)
   -1.31718e+05   -1.55051e+05    3.02303e+02   -1.10850e+03

           Step           Time
          18000       18.00000

   Energies (kJ/mol)
        LJ (SR)   Coulomb (SR)   Coul. recip.      Potential    Kinetic En.
    1.66257e+04   -1.77808e+05    6.10068e+02   -1.60572e+05    2.86822e+04
   Total Energy  Conserved En.    Temperature Pressure (bar)
   -1.31890e+05   -1.55047e+05    2.96479e+02   -1.23795e+03

           Step           Time
          19000       19.00000

   Energies (kJ/mol)
        LJ (SR)   Coulomb (SR)   Coul. recip.      Potential    Kinetic En.
    1.73531e+04   -1.78534e+05    5.54760e+02   -1.60626e+05    2.91482e+04
   Total Energy  Conserved En.    Temperature Pressure (bar)
   -1.31478e+05   -1.55035e+05    3.01295e+02   -9.65192e+02

           Step           Time
          20000       20.00000

   Energies (kJ/mol)
        LJ (SR)   Coulomb (SR)   Coul. recip.      Potential    Kinetic En.
    1.65080e+04   -1.78391e+05    5.71952e+02   -1.61311e+05    2.93000e+04
   Total Energy  Conserved En.    Temperature Pressure (bar)
   -1.32011e+05   -1.55015e+05    3.02865e+02   -1.41285e+03

           Step           Time
          21000       21.00000

   Energies (kJ/mol)
        LJ (SR)   Coulomb (SR)   Coul. recip.      Potential    Kinetic En.
    1.64427e+04   -1.78148e+05    5.66891e+02   -1.61138e+05    2.87001e+04
   Total Energy  Conserved En.    Temperature Pressure (bar)
   -1.32438e+05   -1.55016e+05    2.96663e+02   -1.46141e+03

           Step           Time
          22000       22.00000

   Energies (kJ/mol)
        LJ (SR)   Coulomb (SR)   Coul. recip.      Potential    Kinetic En.
    1.77748e+04   -1.80661e+05    6.04814e+02   -1.62281e+05    2.91993e+04
   Total Energy  Conserved En.    Temperature Pressure (bar)
   -1.33082e+05   -1.55009e+05    3.01824e+02   -9.87080e+02

           Step           Time
          23000       23.00000

   Energies (kJ/mol)
        LJ (SR)   Coulomb (SR)   Coul. recip.      Potential    Kinetic En.
    1.67455e+04   -1.78717e+05    5.74839e+02   -1.61396e+05    2.91639e+04
   Total Energy  Conserved En.    Temperature Pressure (bar)
   -1.32233e+05   -1.55050e+05    3.01458e+02   -1.34794e+03

           Step           Time
          24000       24.00000

   Energies (kJ/mol)
        LJ (SR)   Coulomb (SR)   Coul. recip.      Potential    Kinetic En.
    1.67868e+04   -1.78530e+05    5.21640e+02   -1.61221e+05    2.91734e+04
   Total Energy  Conserved En.    Temperature Pressure (bar)
   -1.32048e+05   -1.55051e+05    3.01555e+02   -1.24672e+03

           Step           Time
          25000       25.00000

   Energies (kJ/mol)
        LJ (SR)   Coulomb (SR)   Coul. recip.      Potential    Kinetic En.
    1.69447e+04   -1.78322e+05    5.37491e+02   -1.60840e+05    2.91791e+04
   Total Energy  Conserved En.    Temperature Pressure (bar)
   -1.31661e+05   -1.55068e+05    3.01614e+02   -1.07271e+03

           Step           Time
          26000       26.00000

   Energies (kJ/mol)
        LJ (SR)   Coulomb (SR)   Coul. recip.      Potential    Kinetic En.
    1.68662e+04   -1.77425e+05    6.06369e+02   -1.59952e+05    2.86603e+04
   Total Energy  Conserved En.    Temperature Pressure (bar)
   -1.31292e+05   -1.54994e+05    2.96253e+02   -1.06835e+03

           Step           Time
          27000       27.00000

   Energies (kJ/mol)
        LJ (SR)   Coulomb (SR)   Coul. recip.      Potential    Kinetic En.
    1.69696e+04   -1.78603e+05    5.83317e+02   -1.61050e+05    2.92337e+04
   Total Energy  Conserved En.    Temperature Pressure (bar)
   -1.31817e+05   -1.54972e+05    3.02179e+02   -1.14793e+03

           Step           Time
          28000       28.00000

   Energies (kJ/mol)
        LJ (SR)   Coulomb (SR)   Coul. recip.      Potential    Kinetic En.
    1.74564e+04   -1.79102e+05    6.00431e+02   -1.61046e+05    2.91430e+04
   Total Energy  Conserved En.    Temperature Pressure (bar)
   -1.31903e+05   -1.54981e+05    3.01242e+02   -9.78862e+02

           Step           Time
          29000       29.00000

   Energies (kJ/mol)
        LJ (SR)   Coulomb (SR)   Coul. recip.      Potential    Kinetic En.
    1.72292e+04   -1.78368e+05    5.45638e+02   -1.60594e+05    2.84540e+04
   Total Energy  Conserved En.    Temperature Pressure (bar)
   -1.32140e+05   -1.54993e+05    2.94120e+02   -9.96968e+02

           Step           Time
          30000       30.00000

   Energies (kJ/mol)
        LJ (SR)   Coulomb (SR)   Coul. recip.      Potential    Kinetic En.
    1.73112e+04   -1.79550e+05    5.66511e+02   -1.61673e+05    2.84162e+04
   Total Energy  Conserved En.    Temperature Pressure (bar)
   -1.33256e+05   -1.54980e+05    2.93729e+02   -1.17620e+03

           Step           Time
          31000       31.00000

   Energies (kJ/mol)
        LJ (SR)   Coulomb (SR)   Coul. recip.      Potential    Kinetic En.
    1.66851e+04   -1.78002e+05    5.93803e+02   -1.60723e+05    2.87482e+04
   Total Energy  Conserved En.    Temperature Pressure (bar)
   -1.31975e+05   -1.55009e+05    2.97161e+02   -1.27782e+03

           Step           Time
          32000       32.00000

   Energies (kJ/mol)
        LJ (SR)   Coulomb (SR)   Coul. recip.      Potential    Kinetic En.
    1.67621e+04   -1.77623e+05    6.18702e+02   -1.60242e+05    2.87660e+04
   Total Energy  Conserved En.    Temperature Pressure (bar)
   -1.31477e+05   -1.54985e+05    2.97344e+02   -1.19729e+03

           Step           Time
          33000       33.00000

   Energies (kJ/mol)
        LJ (SR)   Coulomb (SR)   Coul. recip.      Potential    Kinetic En.
    1.74902e+04   -1.79021e+05    5.61216e+02   -1.60970e+05    2.90600e+04
   Total Energy  Conserved En.    Temperature Pressure (bar)
   -1.31910e+05   -1.54972e+05    3.00384e+02   -9.10083e+02

           Step           Time
          34000       34.00000

   Energies (kJ/mol)
        LJ (SR)   Coulomb (SR)   Coul. recip.      Potential    Kinetic En.
    1.71112e+04   -1.78899e+05    5.67473e+02   -1.61221e+05    2.89861e+04
   Total Energy  Conserved En.    Temperature Pressure (bar)
   -1.32234e+05   -1.55019e+05    2.99620e+02   -1.10976e+03

           Step           Time
          35000       35.00000

   Energies (kJ/mol)
        LJ (SR)   Coulomb (SR)   Coul. recip.      Potential    Kinetic En.
    1.70146e+04   -1.78603e+05    6.01948e+02   -1.60986e+05    2.91446e+04
   Total Energy  Conserved En.    Temperature Pressure (bar)
   -1.31842e+05   -1.55019e+05    3.01258e+02   -1.12063e+03

           Step           Time
          36000       36.00000

   Energies (kJ/mol)
        LJ (SR)   Coulomb (SR)   Coul. recip.      Potential    Kinetic En.
    1.67243e+04   -1.78199e+05    5.41067e+02   -1.60933e+05    2.87423e+04
   Total Energy  Conserved En.    Temperature Pressure (bar)
   -1.32191e+05   -1.54995e+05    2.97100e+02   -1.27048e+03

           Step           Time
          37000       37.00000

   Energies (kJ/mol)
        LJ (SR)   Coulomb (SR)   Coul. recip.      Potential    Kinetic En.
    1.69458e+04   -1.78097e+05    5.97785e+02   -1.60553e+05    2.94138e+04
   Total Energy  Conserved En.    Temperature Pressure (bar)
   -1.31139e+05   -1.54977e+05    3.04040e+02   -1.05315e+03

           Step           Time
          38000       38.00000

   Energies (kJ/mol)
        LJ (SR)   Coulomb (SR)   Coul. recip.      Potential    Kinetic En.
    1.70324e+04   -1.78347e+05    5.81325e+02   -1.60734e+05    2.86152e+04
   Total Energy  Conserved En.    Temperature Pressure (bar)
   -1.32118e+05   -1.54947e+05    2.95786e+02   -1.05965e+03

           Step           Time
          39000       39.00000

   Energies (kJ/mol)
        LJ (SR)   Coulomb (SR)   Coul. recip.      Potential    Kinetic En.
    1.67155e+04   -1.78139e+05    5.69729e+02   -1.60853e+05    2.91887e+04
   Total Energy  Conserved En.    Temperature Pressure (bar)
   -1.31665e+05   -1.54953e+05    3.01714e+02   -1.20283e+03

           Step           Time
          40000       40.00000

   Energies (kJ/mol)
        LJ (SR)   Coulomb (SR)   Coul. recip.      Potential    Kinetic En.
    1.72307e+04   -1.78373e+05    5.84667e+02   -1.60557e+05    2.88857e+04
   Total Energy  Conserved En.    Temperature Pressure (bar)
   -1.31672e+05   -1.54956e+05    2.98582e+02   -9.63853e+02

           Step           Time
          41000       41.00000

   Energies (kJ/mol)
        LJ (SR)   Coulomb (SR)   Coul. recip.      Potential    Kinetic En.
    1.71065e+04   -1.79241e+05    5.92648e+02   -1.61542e+05    2.88370e+04
   Total Energy  Conserved En.    Temperature Pressure (bar)
   -1.32705e+05   -1.54962e+05    2.98078e+02   -1.17352e+03

           Step           Time
          42000       42.00000

   Energies (kJ/mol)
        LJ (SR)   Coulomb (SR)   Coul. recip.      Potential    Kinetic En.
    1.66978e+04   -1.78148e+05    5.76791e+02   -1.60873e+05    2.95296e+04
   Total Energy  Conserved En.    Temperature Pressure (bar)
   -1.31344e+05   -1.54998e+05    3.05237e+02   -1.27819e+03

           Step           Time
          43000       43.00000

   Energies (kJ/mol)
        LJ (SR)   Coulomb (SR)   Coul. recip.      Potential    Kinetic En.
    1.71862e+04   -1.79227e+05    5.53080e+02   -1.61488e+05    2.90111e+04
   Total Energy  Conserved En.    Temperature Pressure (bar)
   -1.32477e+05   -1.54935e+05    2.99878e+02   -1.13210e+03

           Step           Time
          44000       44.00000

   Energies (kJ/mol)
        LJ (SR)   Coulomb (SR)   Coul. recip.      Potential    Kinetic En.
    1.70376e+04   -1.78841e+05    6.08151e+02   -1.61195e+05    2.81455e+04
   Total Energy  Conserved En.    Temperature Pressure (bar)
   -1.33050e+05   -1.54989e+05    2.90931e+02   -1.18549e+03

Writing checkpoint, step 44300 at Thu Oct  5 16:07:55 2023


           Step           Time
          45000       45.00000

   Energies (kJ/mol)
        LJ (SR)   Coulomb (SR)   Coul. recip.      Potential    Kinetic En.
    1.69122e+04   -1.79065e+05    5.27822e+02   -1.61625e+05    2.89827e+04
   Total Energy  Conserved En.    Temperature Pressure (bar)
   -1.32642e+05   -1.55011e+05    2.99585e+02   -1.22024e+03

           Step           Time
          46000       46.00000

   Energies (kJ/mol)
        LJ (SR)   Coulomb (SR)   Coul. recip.      Potential    Kinetic En.
    1.64397e+04   -1.77152e+05    5.74562e+02   -1.60138e+05    2.88114e+04
   Total Energy  Conserved En.    Temperature Pressure (bar)
   -1.31327e+05   -1.54975e+05    2.97814e+02   -1.35346e+03

           Step           Time
          47000       47.00000

   Energies (kJ/mol)
        LJ (SR)   Coulomb (SR)   Coul. recip.      Potential    Kinetic En.
    1.72966e+04   -1.79579e+05    5.59749e+02   -1.61723e+05    2.89166e+04
   Total Energy  Conserved En.    Temperature Pressure (bar)
   -1.32806e+05   -1.54930e+05    2.98902e+02   -1.17415e+03

           Step           Time
          48000       48.00000

   Energies (kJ/mol)
        LJ (SR)   Coulomb (SR)   Coul. recip.      Potential    Kinetic En.
    1.77099e+04   -1.79809e+05    5.55279e+02   -1.61544e+05    2.87346e+04
   Total Energy  Conserved En.    Temperature Pressure (bar)
   -1.32809e+05   -1.54980e+05    2.97020e+02   -9.03413e+02

           Step           Time
          49000       49.00000

   Energies (kJ/mol)
        LJ (SR)   Coulomb (SR)   Coul. recip.      Potential    Kinetic En.
    1.67817e+04   -1.78861e+05    5.52076e+02   -1.61527e+05    2.87635e+04
   Total Energy  Conserved En.    Temperature Pressure (bar)
   -1.32764e+05   -1.54977e+05    2.97319e+02   -1.26160e+03

           Step           Time
          50000       50.00000

   Energies (kJ/mol)
        LJ (SR)   Coulomb (SR)   Coul. recip.      Potential    Kinetic En.
    1.69160e+04   -1.78651e+05    6.02788e+02   -1.61133e+05    2.94479e+04
   Total Energy  Conserved En.    Temperature Pressure (bar)
   -1.31685e+05   -1.54959e+05    3.04393e+02   -1.18295e+03

           Step           Time
          51000       51.00000

   Energies (kJ/mol)
        LJ (SR)   Coulomb (SR)   Coul. recip.      Potential    Kinetic En.
    1.70882e+04   -1.78373e+05    5.47771e+02   -1.60738e+05    2.87928e+04
   Total Energy  Conserved En.    Temperature Pressure (bar)
   -1.31945e+05   -1.54973e+05    2.97622e+02   -1.07488e+03

           Step           Time
          52000       52.00000

   Energies (kJ/mol)
        LJ (SR)   Coulomb (SR)   Coul. recip.      Potential    Kinetic En.
    1.64129e+04   -1.77999e+05    5.83163e+02   -1.61003e+05    2.87451e+04
   Total Energy  Conserved En.    Temperature Pressure (bar)
   -1.32258e+05   -1.54937e+05    2.97128e+02   -1.51762e+03

           Step           Time
          53000       53.00000

   Energies (kJ/mol)
        LJ (SR)   Coulomb (SR)   Coul. recip.      Potential    Kinetic En.
    1.74685e+04   -1.79033e+05    5.99408e+02   -1.60965e+05    2.88878e+04
   Total Energy  Conserved En.    Temperature Pressure (bar)
   -1.32078e+05   -1.54938e+05    2.98604e+02   -9.21997e+02

           Step           Time
          54000       54.00000

   Energies (kJ/mol)
        LJ (SR)   Coulomb (SR)   Coul. recip.      Potential    Kinetic En.
    1.69691e+04   -1.78610e+05    5.45629e+02   -1.61096e+05    2.91121e+04
   Total Energy  Conserved En.    Temperature Pressure (bar)
   -1.31984e+05   -1.54956e+05    3.00922e+02   -1.19652e+03

           Step           Time
          55000       55.00000

   Energies (kJ/mol)
        LJ (SR)   Coulomb (SR)   Coul. recip.      Potential    Kinetic En.
    1.72262e+04   -1.78593e+05    5.79185e+02   -1.60788e+05    2.86929e+04
   Total Energy  Conserved En.    Temperature Pressure (bar)
   -1.32095e+05   -1.54924e+05    2.96589e+02   -9.89053e+02

           Step           Time
          56000       56.00000

   Energies (kJ/mol)
        LJ (SR)   Coulomb (SR)   Coul. recip.      Potential    Kinetic En.
    1.76658e+04   -1.79651e+05    6.08869e+02   -1.61377e+05    2.89333e+04
   Total Energy  Conserved En.    Temperature Pressure (bar)
   -1.32443e+05   -1.54910e+05    2.99074e+02   -8.95983e+02

           Step           Time
          57000       57.00000

   Energies (kJ/mol)
        LJ (SR)   Coulomb (SR)   Coul. recip.      Potential    Kinetic En.
    1.72209e+04   -1.79419e+05    5.52685e+02   -1.61646e+05    2.87611e+04
   Total Energy  Conserved En.    Temperature Pressure (bar)
   -1.32885e+05   -1.54955e+05    2.97294e+02   -1.16621e+03

           Step           Time
          58000       58.00000

   Energies (kJ/mol)
        LJ (SR)   Coulomb (SR)   Coul. recip.      Potential    Kinetic En.
    1.65794e+04   -1.78556e+05    5.60732e+02   -1.61416e+05    2.84105e+04
   Total Energy  Conserved En.    Temperature Pressure (bar)
   -1.33005e+05   -1.54989e+05    2.93670e+02   -1.45574e+03

           Step           Time
          59000       59.00000

   Energies (kJ/mol)
        LJ (SR)   Coulomb (SR)   Coul. recip.      Potential    Kinetic En.
    1.69801e+04   -1.78315e+05    5.68651e+02   -1.60766e+05    2.89442e+04
   Total Energy  Conserved En.    Temperature Pressure (bar)
   -1.31822e+05   -1.54986e+05    2.99187e+02   -1.13898e+03

           Step           Time
          60000       60.00000

   Energies (kJ/mol)
        LJ (SR)   Coulomb (SR)   Coul. recip.      Potential    Kinetic En.
    1.75356e+04   -1.79319e+05    5.35409e+02   -1.61248e+05    2.87492e+04
   Total Energy  Conserved En.    Temperature Pressure (bar)
   -1.32499e+05   -1.54956e+05    2.97171e+02   -9.38006e+02

           Step           Time
          61000       61.00000

   Energies (kJ/mol)
        LJ (SR)   Coulomb (SR)   Coul. recip.      Potential    Kinetic En.
    1.79217e+04   -1.78805e+05    6.15358e+02   -1.60268e+05    2.84712e+04
   Total Energy  Conserved En.    Temperature Pressure (bar)
   -1.31796e+05   -1.54930e+05    2.94297e+02   -6.64447e+02

           Step           Time
          62000       62.00000

   Energies (kJ/mol)
        LJ (SR)   Coulomb (SR)   Coul. recip.      Potential    Kinetic En.
    1.66357e+04   -1.78063e+05    5.62038e+02   -1.60865e+05    2.87587e+04
   Total Energy  Conserved En.    Temperature Pressure (bar)
   -1.32106e+05   -1.54907e+05    2.97269e+02   -1.32946e+03

           Step           Time
          63000       63.00000

   Energies (kJ/mol)
        LJ (SR)   Coulomb (SR)   Coul. recip.      Potential    Kinetic En.
    1.74837e+04   -1.79455e+05    5.71046e+02   -1.61401e+05    2.85505e+04
   Total Energy  Conserved En.    Temperature Pressure (bar)
   -1.32850e+05   -1.54900e+05    2.95117e+02   -9.97020e+02

           Step           Time
          64000       64.00000

   Energies (kJ/mol)
        LJ (SR)   Coulomb (SR)   Coul. recip.      Potential    Kinetic En.
    1.76696e+04   -1.79634e+05    6.03400e+02   -1.61361e+05    2.90023e+04
   Total Energy  Conserved En.    Temperature Pressure (bar)
   -1.32359e+05   -1.54905e+05    2.99787e+02   -9.02668e+02

           Step           Time
          65000       65.00000

   Energies (kJ/mol)
        LJ (SR)   Coulomb (SR)   Coul. recip.      Potential    Kinetic En.
    1.72494e+04   -1.78305e+05    5.70846e+02   -1.60485e+05    2.90106e+04
   Total Energy  Conserved En.    Temperature Pressure (bar)
   -1.31475e+05   -1.54944e+05    2.99873e+02   -9.41539e+02

           Step           Time
          66000       66.00000

   Energies (kJ/mol)
        LJ (SR)   Coulomb (SR)   Coul. recip.      Potential    Kinetic En.
    1.78857e+04   -1.80074e+05    6.10441e+02   -1.61577e+05    2.89493e+04
   Total Energy  Conserved En.    Temperature Pressure (bar)
   -1.32628e+05   -1.54917e+05    2.99239e+02   -8.17595e+02

           Step           Time
          67000       67.00000

   Energies (kJ/mol)
        LJ (SR)   Coulomb (SR)   Coul. recip.      Potential    Kinetic En.
    1.69621e+04   -1.78855e+05    5.96827e+02   -1.61296e+05    2.90148e+04
   Total Energy  Conserved En.    Temperature Pressure (bar)
   -1.32281e+05   -1.54973e+05    2.99917e+02   -1.22424e+03

           Step           Time
          68000       68.00000

   Energies (kJ/mol)
        LJ (SR)   Coulomb (SR)   Coul. recip.      Potential    Kinetic En.
    1.70670e+04   -1.78584e+05    5.94107e+02   -1.60922e+05    2.87839e+04
   Total Energy  Conserved En.    Temperature Pressure (bar)
   -1.32139e+05   -1.54950e+05    2.97529e+02   -1.12673e+03

           Step           Time
          69000       69.00000

   Energies (kJ/mol)
        LJ (SR)   Coulomb (SR)   Coul. recip.      Potential    Kinetic En.
    1.62487e+04   -1.77825e+05    5.69706e+02   -1.61007e+05    2.85876e+04
   Total Energy  Conserved En.    Temperature Pressure (bar)
   -1.32419e+05   -1.54914e+05    2.95501e+02   -1.60244e+03

           Step           Time
          70000       70.00000

   Energies (kJ/mol)
        LJ (SR)   Coulomb (SR)   Coul. recip.      Potential    Kinetic En.
    1.71478e+04   -1.79053e+05    5.28345e+02   -1.61376e+05    2.87394e+04
   Total Energy  Conserved En.    Temperature Pressure (bar)
   -1.32637e+05   -1.54890e+05    2.97070e+02   -1.09107e+03

